{"meta": {"format": 3, "version": "7.8.2", "timestamp": "2025-06-09T16:16:18.895912", "branch_coverage": true, "show_contexts": false}, "files": {"src/toady/__init__.py": {"executed_lines": [1, 3, 4, 5], "summary": {"covered_lines": 3, "num_statements": 3, "percent_covered": 100.0, "percent_covered_display": "100.00", "missing_lines": 0, "excluded_lines": 0, "num_branches": 0, "num_partial_branches": 0, "covered_branches": 0, "missing_branches": 0}, "missing_lines": [], "excluded_lines": [], "executed_branches": [], "missing_branches": [], "functions": {"": {"executed_lines": [1, 3, 4, 5], "summary": {"covered_lines": 3, "num_statements": 3, "percent_covered": 100.0, "percent_covered_display": "100.00", "missing_lines": 0, "excluded_lines": 0, "num_branches": 0, "num_partial_branches": 0, "covered_branches": 0, "missing_branches": 0}, "missing_lines": [], "excluded_lines": [], "executed_branches": [], "missing_branches": []}}, "classes": {"": {"executed_lines": [1, 3, 4, 5], "summary": {"covered_lines": 3, "num_statements": 3, "percent_covered": 100.0, "percent_covered_display": "100.00", "missing_lines": 0, "excluded_lines": 0, "num_branches": 0, "num_partial_branches": 0, "covered_branches": 0, "missing_branches": 0}, "missing_lines": [], "excluded_lines": [], "executed_branches": [], "missing_branches": []}}}, "src/toady/cli.py": {"executed_lines": [1, 3, 5, 6, 7, 8, 9, 12, 13, 14, 15, 20, 24, 25, 26, 27, 30, 32, 35], "summary": {"covered_lines": 17, "num_statements": 17, "percent_covered": 100.0, "percent_covered_display": "100.00", "missing_lines": 0, "excluded_lines": 2, "num_branches": 0, "num_partial_branches": 0, "covered_branches": 0, "missing_branches": 0}, "missing_lines": [], "excluded_lines": [35, 36], "executed_branches": [], "missing_branches": [], "functions": {"cli": {"executed_lines": [20], "summary": {"covered_lines": 1, "num_statements": 1, "percent_covered": 100.0, "percent_covered_display": "100.00", "missing_lines": 0, "excluded_lines": 0, "num_branches": 0, "num_partial_branches": 0, "covered_branches": 0, "missing_branches": 0}, "missing_lines": [], "excluded_lines": [], "executed_branches": [], "missing_branches": []}, "main": {"executed_lines": [32], "summary": {"covered_lines": 1, "num_statements": 1, "percent_covered": 100.0, "percent_covered_display": "100.00", "missing_lines": 0, "excluded_lines": 0, "num_branches": 0, "num_partial_branches": 0, "covered_branches": 0, "missing_branches": 0}, "missing_lines": [], "excluded_lines": [], "executed_branches": [], "missing_branches": []}, "": {"executed_lines": [1, 3, 5, 6, 7, 8, 9, 12, 13, 14, 15, 24, 25, 26, 27, 30, 35], "summary": {"covered_lines": 15, "num_statements": 15, "percent_covered": 100.0, "percent_covered_display": "100.00", "missing_lines": 0, "excluded_lines": 2, "num_branches": 0, "num_partial_branches": 0, "covered_branches": 0, "missing_branches": 0}, "missing_lines": [], "excluded_lines": [35, 36], "executed_branches": [], "missing_branches": []}}, "classes": {"": {"executed_lines": [1, 3, 5, 6, 7, 8, 9, 12, 13, 14, 15, 20, 24, 25, 26, 27, 30, 32, 35], "summary": {"covered_lines": 17, "num_statements": 17, "percent_covered": 100.0, "percent_covered_display": "100.00", "missing_lines": 0, "excluded_lines": 2, "num_branches": 0, "num_partial_branches": 0, "covered_branches": 0, "missing_branches": 0}, "missing_lines": [], "excluded_lines": [35, 36], "executed_branches": [], "missing_branches": []}}}, "src/toady/commands/__init__.py": {"executed_lines": [1], "summary": {"covered_lines": 0, "num_statements": 0, "percent_covered": 100.0, "percent_covered_display": "100.00", "missing_lines": 0, "excluded_lines": 0, "num_branches": 0, "num_partial_branches": 0, "covered_branches": 0, "missing_branches": 0}, "missing_lines": [], "excluded_lines": [], "executed_branches": [], "missing_branches": [], "functions": {"": {"executed_lines": [1], "summary": {"covered_lines": 0, "num_statements": 0, "percent_covered": 100.0, "percent_covered_display": "100.00", "missing_lines": 0, "excluded_lines": 0, "num_branches": 0, "num_partial_branches": 0, "covered_branches": 0, "missing_branches": 0}, "missing_lines": [], "excluded_lines": [], "executed_branches": [], "missing_branches": []}}, "classes": {"": {"executed_lines": [1], "summary": {"covered_lines": 0, "num_statements": 0, "percent_covered": 100.0, "percent_covered_display": "100.00", "missing_lines": 0, "excluded_lines": 0, "num_branches": 0, "num_partial_branches": 0, "covered_branches": 0, "missing_branches": 0}, "missing_lines": [], "excluded_lines": [], "executed_branches": [], "missing_branches": []}}}, "src/toady/commands/fetch.py": {"executed_lines": [1, 3, 5, 6, 7, 13, 16, 17, 25, 30, 35, 42, 43, 60, 61, 64, 65, 71, 72, 73, 74, 77, 80, 82, 83, 90, 99, 100, 101, 102, 103, 104, 105, 107, 109, 110, 111, 112, 113, 114, 115, 116, 118, 120, 121, 122, 123, 124, 125, 126, 127, 129, 131, 133, 134, 135, 136, 137, 138, 139, 140, 142, 143, 144, 145, 146, 147, 150, 151, 154, 156, 158, 159, 160, 161, 162, 165, 167, 169, 170, 171, 172, 173, 174, 175, 176, 178, 180, 182, 183, 184, 185, 186, 187, 188, 190], "summary": {"covered_lines": 95, "num_statements": 95, "percent_covered": 100.0, "percent_covered_display": "100.00", "missing_lines": 0, "excluded_lines": 0, "num_branches": 28, "num_partial_branches": 0, "covered_branches": 28, "missing_branches": 0}, "missing_lines": [], "excluded_lines": [], "executed_branches": [[60, 61], [60, 64], [64, 65], [64, 71], [71, 72], [71, 73], [73, 74], [73, 77], [100, 101], [100, 107], [110, 111], [110, 118], [121, 122], [121, 129], [133, 134], [133, 143], [134, 135], [134, 142], [143, 144], [143, 158], [144, 145], [144, 156], [158, 159], [158, 167], [170, 171], [170, 178], [182, 183], [182, 190]], "missing_branches": [], "functions": {"fetch": {"executed_lines": [60, 61, 64, 65, 71, 72, 73, 74, 77, 80, 82, 83, 90, 99, 100, 101, 102, 103, 104, 105, 107, 109, 110, 111, 112, 113, 114, 115, 116, 118, 120, 121, 122, 123, 124, 125, 126, 127, 129, 131, 133, 134, 135, 136, 137, 138, 139, 140, 142, 143, 144, 145, 146, 147, 150, 151, 154, 156, 158, 159, 160, 161, 162, 165, 167, 169, 170, 171, 172, 173, 174, 175, 176, 178, 180, 182, 183, 184, 185, 186, 187, 188, 190], "summary": {"covered_lines": 83, "num_statements": 83, "percent_covered": 100.0, "percent_covered_display": "100.00", "missing_lines": 0, "excluded_lines": 0, "num_branches": 28, "num_partial_branches": 0, "covered_branches": 28, "missing_branches": 0}, "missing_lines": [], "excluded_lines": [], "executed_branches": [[60, 61], [60, 64], [64, 65], [64, 71], [71, 72], [71, 73], [73, 74], [73, 77], [100, 101], [100, 107], [110, 111], [110, 118], [121, 122], [121, 129], [133, 134], [133, 143], [134, 135], [134, 142], [143, 144], [143, 158], [144, 145], [144, 156], [158, 159], [158, 167], [170, 171], [170, 178], [182, 183], [182, 190]], "missing_branches": []}, "": {"executed_lines": [1, 3, 5, 6, 7, 13, 16, 17, 25, 30, 35, 42, 43], "summary": {"covered_lines": 12, "num_statements": 12, "percent_covered": 100.0, "percent_covered_display": "100.00", "missing_lines": 0, "excluded_lines": 0, "num_branches": 0, "num_partial_branches": 0, "covered_branches": 0, "missing_branches": 0}, "missing_lines": [], "excluded_lines": [], "executed_branches": [], "missing_branches": []}}, "classes": {"": {"executed_lines": [1, 3, 5, 6, 7, 13, 16, 17, 25, 30, 35, 42, 43, 60, 61, 64, 65, 71, 72, 73, 74, 77, 80, 82, 83, 90, 99, 100, 101, 102, 103, 104, 105, 107, 109, 110, 111, 112, 113, 114, 115, 116, 118, 120, 121, 122, 123, 124, 125, 126, 127, 129, 131, 133, 134, 135, 136, 137, 138, 139, 140, 142, 143, 144, 145, 146, 147, 150, 151, 154, 156, 158, 159, 160, 161, 162, 165, 167, 169, 170, 171, 172, 173, 174, 175, 176, 178, 180, 182, 183, 184, 185, 186, 187, 188, 190], "summary": {"covered_lines": 95, "num_statements": 95, "percent_covered": 100.0, "percent_covered_display": "100.00", "missing_lines": 0, "excluded_lines": 0, "num_branches": 28, "num_partial_branches": 0, "covered_branches": 28, "missing_branches": 0}, "missing_lines": [], "excluded_lines": [], "executed_branches": [[60, 61], [60, 64], [64, 65], [64, 71], [71, 72], [71, 73], [73, 74], [73, 77], [100, 101], [100, 107], [110, 111], [110, 118], [121, 122], [121, 129], [133, 134], [133, 143], [134, 135], [134, 142], [143, 144], [143, 158], [144, 145], [144, 156], [158, 159], [158, 167], [170, 171], [170, 178], [182, 183], [182, 190]], "missing_branches": []}}}, "src/toady/commands/reply.py": {"executed_lines": [1, 3, 4, 6, 8, 14, 15, 22, 36, 37, 38, 42, 45, 46, 47, 48, 51, 52, 53, 55, 56, 62, 63, 68, 69, 76, 77, 82, 85, 92, 95, 97, 98, 99, 100, 101, 102, 105, 106, 107, 108, 112, 113, 114, 115, 116, 117, 118, 119, 120, 121, 124, 138, 149, 158, 159, 160, 163, 164, 166, 169, 176, 177, 180, 181, 187, 194, 202, 203, 204, 207, 218, 259, 260, 261, 262, 263, 264, 265, 267, 274, 275, 278, 321, 322, 323, 324, 325, 327, 334, 335, 338, 339, 349, 356, 361, 367, 368, 396, 399, 402, 405, 406, 407, 409, 411, 412, 414, 415, 417, 418], "summary": {"covered_lines": 110, "num_statements": 128, "percent_covered": 81.95876288659794, "percent_covered_display": "81.96", "missing_lines": 18, "excluded_lines": 0, "num_branches": 66, "num_partial_branches": 11, "covered_branches": 49, "missing_branches": 17}, "missing_lines": [188, 279, 280, 281, 282, 283, 286, 289, 293, 300, 302, 303, 304, 305, 306, 310, 317, 318], "excluded_lines": [], "executed_branches": [[37, 38], [37, 42], [52, 53], [52, 55], [55, 56], [55, 62], [62, 63], [62, 68], [68, 69], [68, 76], [76, 77], [76, 82], [95, 97], [98, 99], [101, 102], [105, -85], [105, 106], [107, 108], [112, 113], [114, 115], [116, 117], [118, 119], [120, 121], [158, 159], [158, 163], [159, 158], [159, 160], [163, 164], [163, 166], [176, 177], [176, 180], [180, 181], [180, 187], [187, -169], [202, -194], [202, 203], [259, 260], [259, 278], [260, 259], [260, 261], [261, 262], [261, 267], [264, 265], [264, 275], [278, 321], [321, 322], [321, 327], [411, 412], [411, 414]], "missing_branches": [[95, 101], [98, 100], [101, 105], [107, 112], [112, 114], [114, 116], [116, 118], [118, 120], [120, -85], [187, 188], [278, 279], [279, 280], [279, 302], [280, 281], [280, 293], [302, 303], [302, 310]], "functions": {"_validate_reply_args": {"executed_lines": [36, 37, 38, 42, 45, 46, 47, 48, 51, 52, 53, 55, 56, 62, 63, 68, 69, 76, 77, 82], "summary": {"covered_lines": 20, "num_statements": 20, "percent_covered": 100.0, "percent_covered_display": "100.00", "missing_lines": 0, "excluded_lines": 0, "num_branches": 12, "num_partial_branches": 0, "covered_branches": 12, "missing_branches": 0}, "missing_lines": [], "excluded_lines": [], "executed_branches": [[37, 38], [37, 42], [52, 53], [52, 55], [55, 56], [55, 62], [62, 63], [62, 68], [68, 69], [68, 76], [76, 77], [76, 82]], "missing_branches": []}, "_print_pretty_reply": {"executed_lines": [92, 95, 97, 98, 99, 100, 101, 102, 105, 106, 107, 108, 112, 113, 114, 115, 116, 117, 118, 119, 120, 121], "summary": {"covered_lines": 22, "num_statements": 22, "percent_covered": 78.57142857142857, "percent_covered_display": "78.57", "missing_lines": 0, "excluded_lines": 0, "num_branches": 20, "num_partial_branches": 9, "covered_branches": 11, "missing_branches": 9}, "missing_lines": [], "excluded_lines": [], "executed_branches": [[95, 97], [98, 99], [101, 102], [105, -85], [105, 106], [107, 108], [112, 113], [114, 115], [116, 117], [118, 119], [120, 121]], "missing_branches": [[95, 101], [98, 100], [101, 105], [107, 112], [112, 114], [114, 116], [116, 118], [118, 120], [120, -85]]}, "_build_json_reply": {"executed_lines": [138, 149, 158, 159, 160, 163, 164, 166], "summary": {"covered_lines": 8, "num_statements": 8, "percent_covered": 100.0, "percent_covered_display": "100.00", "missing_lines": 0, "excluded_lines": 0, "num_branches": 6, "num_partial_branches": 0, "covered_branches": 6, "missing_branches": 0}, "missing_lines": [], "excluded_lines": [], "executed_branches": [[158, 159], [158, 163], [159, 158], [159, 160], [163, 164], [163, 166]], "missing_branches": []}, "_show_warnings": {"executed_lines": [176, 177, 180, 181, 187], "summary": {"covered_lines": 5, "num_statements": 6, "percent_covered": 83.33333333333333, "percent_covered_display": "83.33", "missing_lines": 1, "excluded_lines": 0, "num_branches": 6, "num_partial_branches": 1, "covered_branches": 5, "missing_branches": 1}, "missing_lines": [188], "excluded_lines": [], "executed_branches": [[176, 177], [176, 180], [180, 181], [180, 187], [187, -169]], "missing_branches": [[187, 188]]}, "_show_progress": {"executed_lines": [202, 203, 204], "summary": {"covered_lines": 3, "num_statements": 3, "percent_covered": 100.0, "percent_covered_display": "100.00", "missing_lines": 0, "excluded_lines": 0, "num_branches": 2, "num_partial_branches": 0, "covered_branches": 2, "missing_branches": 0}, "missing_lines": [], "excluded_lines": [], "executed_branches": [[202, -194], [202, 203]], "missing_branches": []}, "_handle_reply_error": {"executed_lines": [218, 259, 260, 261, 262, 263, 264, 265, 267, 274, 275, 278, 321, 322, 323, 324, 325, 327, 334, 335], "summary": {"covered_lines": 20, "num_statements": 37, "percent_covered": 56.36363636363637, "percent_covered_display": "56.36", "missing_lines": 17, "excluded_lines": 0, "num_branches": 18, "num_partial_branches": 1, "covered_branches": 11, "missing_branches": 7}, "missing_lines": [279, 280, 281, 282, 283, 286, 289, 293, 300, 302, 303, 304, 305, 306, 310, 317, 318], "excluded_lines": [], "executed_branches": [[259, 260], [259, 278], [260, 259], [260, 261], [261, 262], [261, 267], [264, 265], [264, 275], [278, 321], [321, 322], [321, 327]], "missing_branches": [[278, 279], [279, 280], [279, 302], [280, 281], [280, 293], [302, 303], [302, 310]]}, "reply": {"executed_lines": [396, 399, 402, 405, 406, 407, 409, 411, 412, 414, 415, 417, 418], "summary": {"covered_lines": 13, "num_statements": 13, "percent_covered": 100.0, "percent_covered_display": "100.00", "missing_lines": 0, "excluded_lines": 0, "num_branches": 2, "num_partial_branches": 0, "covered_branches": 2, "missing_branches": 0}, "missing_lines": [], "excluded_lines": [], "executed_branches": [[411, 412], [411, 414]], "missing_branches": []}, "": {"executed_lines": [1, 3, 4, 6, 8, 14, 15, 22, 85, 124, 169, 194, 207, 338, 339, 349, 356, 361, 367, 368], "summary": {"covered_lines": 19, "num_statements": 19, "percent_covered": 100.0, "percent_covered_display": "100.00", "missing_lines": 0, "excluded_lines": 0, "num_branches": 0, "num_partial_branches": 0, "covered_branches": 0, "missing_branches": 0}, "missing_lines": [], "excluded_lines": [], "executed_branches": [], "missing_branches": []}}, "classes": {"": {"executed_lines": [1, 3, 4, 6, 8, 14, 15, 22, 36, 37, 38, 42, 45, 46, 47, 48, 51, 52, 53, 55, 56, 62, 63, 68, 69, 76, 77, 82, 85, 92, 95, 97, 98, 99, 100, 101, 102, 105, 106, 107, 108, 112, 113, 114, 115, 116, 117, 118, 119, 120, 121, 124, 138, 149, 158, 159, 160, 163, 164, 166, 169, 176, 177, 180, 181, 187, 194, 202, 203, 204, 207, 218, 259, 260, 261, 262, 263, 264, 265, 267, 274, 275, 278, 321, 322, 323, 324, 325, 327, 334, 335, 338, 339, 349, 356, 361, 367, 368, 396, 399, 402, 405, 406, 407, 409, 411, 412, 414, 415, 417, 418], "summary": {"covered_lines": 110, "num_statements": 128, "percent_covered": 81.95876288659794, "percent_covered_display": "81.96", "missing_lines": 18, "excluded_lines": 0, "num_branches": 66, "num_partial_branches": 11, "covered_branches": 49, "missing_branches": 17}, "missing_lines": [188, 279, 280, 281, 282, 283, 286, 289, 293, 300, 302, 303, 304, 305, 306, 310, 317, 318], "excluded_lines": [], "executed_branches": [[37, 38], [37, 42], [52, 53], [52, 55], [55, 56], [55, 62], [62, 63], [62, 68], [68, 69], [68, 76], [76, 77], [76, 82], [95, 97], [98, 99], [101, 102], [105, -85], [105, 106], [107, 108], [112, 113], [114, 115], [116, 117], [118, 119], [120, 121], [158, 159], [158, 163], [159, 158], [159, 160], [163, 164], [163, 166], [176, 177], [176, 180], [180, 181], [180, 187], [187, -169], [202, -194], [202, 203], [259, 260], [259, 278], [260, 259], [260, 261], [261, 262], [261, 267], [264, 265], [264, 275], [278, 321], [321, 322], [321, 327], [411, 412], [411, 414]], "missing_branches": [[95, 101], [98, 100], [101, 105], [107, 112], [112, 114], [114, 116], [116, 118], [118, 120], [120, -85], [187, 188], [278, 279], [279, 280], [279, 302], [280, 281], [280, 293], [302, 303], [302, 310]]}}}, "src/toady/commands/resolve.py": {"executed_lines": [1, 3, 4, 5, 7, 9, 10, 15, 16, 22, 25, 39, 40, 42, 44, 45, 52, 55, 57, 60, 80, 81, 106, 125, 126, 130, 131, 132, 133, 135, 136, 137, 142, 143, 146, 147, 150, 151, 169, 172, 194, 195, 196, 197, 198, 204, 213, 216, 225, 228, 231, 242, 243, 244, 246, 255, 258, 324, 337, 339, 341, 344, 345, 346, 349, 354, 359, 371, 378, 393, 394, 398, 399, 402, 403, 404, 405, 406, 412, 413, 416, 418, 422, 434, 435, 436, 438, 439, 440, 441, 443, 446, 454, 455, 456, 457, 460, 470, 471, 472, 473, 474, 476, 479, 495, 497, 515, 516, 517, 518, 519, 520, 521, 523, 530, 531, 534, 535, 536, 538, 545, 546, 549, 561, 564, 567, 568, 570, 571, 573, 575, 577, 578, 581, 582, 588, 594, 601, 606, 611, 616, 623, 624, 659, 662, 663, 664, 668, 671], "summary": {"covered_lines": 148, "num_statements": 204, "percent_covered": 69.12751677852349, "percent_covered_display": "69.13", "missing_lines": 56, "excluded_lines": 0, "num_branches": 94, "num_partial_branches": 10, "covered_branches": 58, "missing_branches": 36}, "missing_lines": [53, 83, 84, 88, 89, 90, 91, 92, 93, 94, 95, 98, 103, 144, 153, 154, 155, 156, 157, 158, 162, 163, 164, 165, 166, 167, 199, 200, 201, 202, 226, 274, 287, 288, 289, 290, 291, 292, 293, 295, 302, 303, 306, 307, 310, 311, 313, 320, 321, 372, 374, 375, 417, 419, 665, 667], "excluded_lines": [], "executed_branches": [[39, 40], [39, 42], [52, 55], [80, 81], [125, 126], [125, 130], [135, 136], [135, 169], [136, 137], [136, 142], [143, 146], [150, 135], [150, 151], [194, 195], [194, 204], [198, -172], [225, 228], [242, 243], [242, 246], [344, 345], [344, 349], [371, -324], [393, 394], [393, 398], [398, 399], [398, 402], [402, 403], [402, 412], [403, 404], [403, 405], [405, 406], [405, 412], [412, 413], [412, 416], [416, 418], [418, -378], [435, 436], [435, 438], [454, -446], [454, 455], [470, 471], [470, 476], [473, 474], [515, 516], [515, 534], [516, 515], [516, 517], [517, 518], [517, 523], [520, 521], [520, 531], [534, 535], [535, 536], [535, 538], [570, 571], [570, 573], [662, 663], [662, 671]], "missing_branches": [[52, 53], [80, 83], [83, 84], [83, 98], [88, 89], [88, 90], [90, 91], [90, 92], [93, -60], [93, 94], [143, 144], [156, 157], [156, 162], [166, 135], [166, 167], [198, 199], [201, -172], [201, 202], [225, 226], [287, 288], [287, 306], [288, 287], [288, 289], [289, 290], [289, 295], [292, 293], [292, 303], [306, 307], [306, 310], [310, 311], [310, 313], [371, 372], [416, 417], [418, 419], [473, -460], [534, -479]], "functions": {"_fetch_and_filter_threads": {"executed_lines": [39, 40, 42, 44, 45, 52, 55, 57], "summary": {"covered_lines": 8, "num_statements": 9, "percent_covered": 84.61538461538461, "percent_covered_display": "84.62", "missing_lines": 1, "excluded_lines": 0, "num_branches": 4, "num_partial_branches": 1, "covered_branches": 3, "missing_branches": 1}, "missing_lines": [53], "excluded_lines": [], "executed_branches": [[39, 40], [39, 42], [52, 55]], "missing_branches": [[52, 53]]}, "_handle_confirmation_prompt": {"executed_lines": [80, 81], "summary": {"covered_lines": 2, "num_statements": 14, "percent_covered": 12.5, "percent_covered_display": "12.50", "missing_lines": 12, "excluded_lines": 0, "num_branches": 10, "num_partial_branches": 1, "covered_branches": 1, "missing_branches": 9}, "missing_lines": [83, 84, 88, 89, 90, 91, 92, 93, 94, 95, 98, 103], "excluded_lines": [], "executed_branches": [[80, 81]], "missing_branches": [[80, 83], [83, 84], [83, 98], [88, 89], [88, 90], [90, 91], [90, 92], [93, -60], [93, 94]]}, "_process_threads": {"executed_lines": [125, 126, 130, 131, 132, 133, 135, 136, 137, 142, 143, 146, 147, 150, 151, 169], "summary": {"covered_lines": 16, "num_statements": 29, "percent_covered": 58.13953488372093, "percent_covered_display": "58.14", "missing_lines": 13, "excluded_lines": 0, "num_branches": 14, "num_partial_branches": 1, "covered_branches": 9, "missing_branches": 5}, "missing_lines": [144, 153, 154, 155, 156, 157, 158, 162, 163, 164, 165, 166, 167], "excluded_lines": [], "executed_branches": [[125, 126], [125, 130], [135, 136], [135, 169], [136, 137], [136, 142], [143, 146], [150, 135], [150, 151]], "missing_branches": [[143, 144], [156, 157], [156, 162], [166, 135], [166, 167]]}, "_display_summary": {"executed_lines": [194, 195, 196, 197, 198, 204, 213], "summary": {"covered_lines": 7, "num_statements": 11, "percent_covered": 58.8235294117647, "percent_covered_display": "58.82", "missing_lines": 4, "excluded_lines": 0, "num_branches": 6, "num_partial_branches": 1, "covered_branches": 3, "missing_branches": 3}, "missing_lines": [199, 200, 201, 202], "excluded_lines": [], "executed_branches": [[194, 195], [194, 204], [198, -172]], "missing_branches": [[198, 199], [201, -172], [201, 202]]}, "_get_action_labels": {"executed_lines": [225, 228], "summary": {"covered_lines": 2, "num_statements": 3, "percent_covered": 60.0, "percent_covered_display": "60.00", "missing_lines": 1, "excluded_lines": 0, "num_branches": 2, "num_partial_branches": 1, "covered_branches": 1, "missing_branches": 1}, "missing_lines": [226], "excluded_lines": [], "executed_branches": [[225, 228]], "missing_branches": [[225, 226]]}, "_handle_empty_threads": {"executed_lines": [242, 243, 244, 246, 255], "summary": {"covered_lines": 5, "num_statements": 5, "percent_covered": 100.0, "percent_covered_display": "100.00", "missing_lines": 0, "excluded_lines": 0, "num_branches": 2, "num_partial_branches": 0, "covered_branches": 2, "missing_branches": 0}, "missing_lines": [], "excluded_lines": [], "executed_branches": [[242, 243], [242, 246]], "missing_branches": []}, "_handle_bulk_resolve_error": {"executed_lines": [], "summary": {"covered_lines": 0, "num_statements": 18, "percent_covered": 0.0, "percent_covered_display": "0.00", "missing_lines": 18, "excluded_lines": 0, "num_branches": 12, "num_partial_branches": 0, "covered_branches": 0, "missing_branches": 12}, "missing_lines": [274, 287, 288, 289, 290, 291, 292, 293, 295, 302, 303, 306, 307, 310, 311, 313, 320, 321], "excluded_lines": [], "executed_branches": [], "missing_branches": [[287, 288], [287, 306], [288, 287], [288, 289], [289, 290], [289, 295], [292, 293], [292, 303], [306, 307], [306, 310], [310, 311], [310, 313]]}, "_handle_bulk_resolve": {"executed_lines": [337, 339, 341, 344, 345, 346, 349, 354, 359, 371], "summary": {"covered_lines": 10, "num_statements": 13, "percent_covered": 76.47058823529412, "percent_covered_display": "76.47", "missing_lines": 3, "excluded_lines": 0, "num_branches": 4, "num_partial_branches": 1, "covered_branches": 3, "missing_branches": 1}, "missing_lines": [372, 374, 375], "excluded_lines": [], "executed_branches": [[344, 345], [344, 349], [371, -324]], "missing_branches": [[371, 372]]}, "_validate_resolve_parameters": {"executed_lines": [393, 394, 398, 399, 402, 403, 404, 405, 406, 412, 413, 416, 418], "summary": {"covered_lines": 13, "num_statements": 15, "percent_covered": 87.09677419354838, "percent_covered_display": "87.10", "missing_lines": 2, "excluded_lines": 0, "num_branches": 16, "num_partial_branches": 2, "covered_branches": 14, "missing_branches": 2}, "missing_lines": [417, 419], "excluded_lines": [], "executed_branches": [[393, 394], [393, 398], [398, 399], [398, 402], [402, 403], [402, 412], [403, 404], [403, 405], [405, 406], [405, 412], [412, 413], [412, 416], [416, 418], [418, -378]], "missing_branches": [[416, 417], [418, 419]]}, "_validate_and_prepare_thread_id": {"executed_lines": [434, 435, 436, 438, 439, 440, 441, 443], "summary": {"covered_lines": 8, "num_statements": 8, "percent_covered": 100.0, "percent_covered_display": "100.00", "missing_lines": 0, "excluded_lines": 0, "num_branches": 2, "num_partial_branches": 0, "covered_branches": 2, "missing_branches": 0}, "missing_lines": [], "excluded_lines": [], "executed_branches": [[435, 436], [435, 438]], "missing_branches": []}, "_show_single_resolve_progress": {"executed_lines": [454, 455, 456, 457], "summary": {"covered_lines": 4, "num_statements": 4, "percent_covered": 100.0, "percent_covered_display": "100.00", "missing_lines": 0, "excluded_lines": 0, "num_branches": 2, "num_partial_branches": 0, "covered_branches": 2, "missing_branches": 0}, "missing_lines": [], "excluded_lines": [], "executed_branches": [[454, -446], [454, 455]], "missing_branches": []}, "_handle_single_resolve_success": {"executed_lines": [470, 471, 472, 473, 474, 476], "summary": {"covered_lines": 6, "num_statements": 6, "percent_covered": 90.0, "percent_covered_display": "90.00", "missing_lines": 0, "excluded_lines": 0, "num_branches": 4, "num_partial_branches": 1, "covered_branches": 3, "missing_branches": 1}, "missing_lines": [], "excluded_lines": [], "executed_branches": [[470, 471], [470, 476], [473, 474]], "missing_branches": [[473, -460]]}, "_handle_single_resolve_error": {"executed_lines": [495, 497, 515, 516, 517, 518, 519, 520, 521, 523, 530, 531, 534, 535, 536, 538, 545, 546], "summary": {"covered_lines": 18, "num_statements": 18, "percent_covered": 96.66666666666667, "percent_covered_display": "96.67", "missing_lines": 0, "excluded_lines": 0, "num_branches": 12, "num_partial_branches": 1, "covered_branches": 11, "missing_branches": 1}, "missing_lines": [], "excluded_lines": [], "executed_branches": [[515, 516], [515, 534], [516, 515], [516, 517], [517, 518], [517, 523], [520, 521], [520, 531], [534, 535], [535, 536], [535, 538]], "missing_branches": [[534, -479]]}, "_handle_single_resolve": {"executed_lines": [561, 564, 567, 568, 570, 571, 573, 575, 577, 578], "summary": {"covered_lines": 10, "num_statements": 10, "percent_covered": 100.0, "percent_covered_display": "100.00", "missing_lines": 0, "excluded_lines": 0, "num_branches": 2, "num_partial_branches": 0, "covered_branches": 2, "missing_branches": 0}, "missing_lines": [], "excluded_lines": [], "executed_branches": [[570, 571], [570, 573]], "missing_branches": []}, "resolve": {"executed_lines": [659, 662, 663, 664, 668, 671], "summary": {"covered_lines": 6, "num_statements": 8, "percent_covered": 80.0, "percent_covered_display": "80.00", "missing_lines": 2, "excluded_lines": 0, "num_branches": 2, "num_partial_branches": 0, "covered_branches": 2, "missing_branches": 0}, "missing_lines": [665, 667], "excluded_lines": [], "executed_branches": [[662, 663], [662, 671]], "missing_branches": []}, "": {"executed_lines": [1, 3, 4, 5, 7, 9, 10, 15, 16, 22, 25, 60, 106, 172, 216, 231, 258, 324, 378, 422, 446, 460, 479, 549, 581, 582, 588, 594, 601, 606, 611, 616, 623, 624], "summary": {"covered_lines": 33, "num_statements": 33, "percent_covered": 100.0, "percent_covered_display": "100.00", "missing_lines": 0, "excluded_lines": 0, "num_branches": 0, "num_partial_branches": 0, "covered_branches": 0, "missing_branches": 0}, "missing_lines": [], "excluded_lines": [], "executed_branches": [], "missing_branches": []}}, "classes": {"": {"executed_lines": [1, 3, 4, 5, 7, 9, 10, 15, 16, 22, 25, 39, 40, 42, 44, 45, 52, 55, 57, 60, 80, 81, 106, 125, 126, 130, 131, 132, 133, 135, 136, 137, 142, 143, 146, 147, 150, 151, 169, 172, 194, 195, 196, 197, 198, 204, 213, 216, 225, 228, 231, 242, 243, 244, 246, 255, 258, 324, 337, 339, 341, 344, 345, 346, 349, 354, 359, 371, 378, 393, 394, 398, 399, 402, 403, 404, 405, 406, 412, 413, 416, 418, 422, 434, 435, 436, 438, 439, 440, 441, 443, 446, 454, 455, 456, 457, 460, 470, 471, 472, 473, 474, 476, 479, 495, 497, 515, 516, 517, 518, 519, 520, 521, 523, 530, 531, 534, 535, 536, 538, 545, 546, 549, 561, 564, 567, 568, 570, 571, 573, 575, 577, 578, 581, 582, 588, 594, 601, 606, 611, 616, 623, 624, 659, 662, 663, 664, 668, 671], "summary": {"covered_lines": 148, "num_statements": 204, "percent_covered": 69.12751677852349, "percent_covered_display": "69.13", "missing_lines": 56, "excluded_lines": 0, "num_branches": 94, "num_partial_branches": 10, "covered_branches": 58, "missing_branches": 36}, "missing_lines": [53, 83, 84, 88, 89, 90, 91, 92, 93, 94, 95, 98, 103, 144, 153, 154, 155, 156, 157, 158, 162, 163, 164, 165, 166, 167, 199, 200, 201, 202, 226, 274, 287, 288, 289, 290, 291, 292, 293, 295, 302, 303, 306, 307, 310, 311, 313, 320, 321, 372, 374, 375, 417, 419, 665, 667], "excluded_lines": [], "executed_branches": [[39, 40], [39, 42], [52, 55], [80, 81], [125, 126], [125, 130], [135, 136], [135, 169], [136, 137], [136, 142], [143, 146], [150, 135], [150, 151], [194, 195], [194, 204], [198, -172], [225, 228], [242, 243], [242, 246], [344, 345], [344, 349], [371, -324], [393, 394], [393, 398], [398, 399], [398, 402], [402, 403], [402, 412], [403, 404], [403, 405], [405, 406], [405, 412], [412, 413], [412, 416], [416, 418], [418, -378], [435, 436], [435, 438], [454, -446], [454, 455], [470, 471], [470, 476], [473, 474], [515, 516], [515, 534], [516, 515], [516, 517], [517, 518], [517, 523], [520, 521], [520, 531], [534, 535], [535, 536], [535, 538], [570, 571], [570, 573], [662, 663], [662, 671]], "missing_branches": [[52, 53], [80, 83], [83, 84], [83, 98], [88, 89], [88, 90], [90, 91], [90, 92], [93, -60], [93, 94], [143, 144], [156, 157], [156, 162], [166, 135], [166, 167], [198, 199], [201, -172], [201, 202], [225, 226], [287, 288], [287, 306], [288, 287], [288, 289], [289, 290], [289, 295], [292, 293], [292, 303], [306, 307], [306, 310], [310, 311], [310, 313], [371, 372], [416, 417], [418, 419], [473, -460], [534, -479]]}}}, "src/toady/commands/schema.py": {"executed_lines": [1, 3, 4, 5, 6, 8, 10, 13, 14, 15, 17, 18, 21, 22, 27, 32, 38, 70, 71, 76, 81, 104, 105, 106, 111, 117, 142, 199, 225], "summary": {"covered_lines": 28, "num_statements": 143, "percent_covered": 14.925373134328359, "percent_covered_display": "14.93", "missing_lines": 115, "excluded_lines": 0, "num_branches": 58, "num_partial_branches": 0, "covered_branches": 2, "missing_branches": 56}, "missing_lines": [40, 41, 43, 44, 46, 47, 49, 50, 52, 55, 56, 58, 59, 60, 61, 62, 63, 64, 65, 66, 67, 83, 84, 86, 87, 89, 90, 93, 94, 96, 97, 98, 99, 100, 101, 119, 120, 122, 123, 125, 126, 128, 131, 132, 134, 135, 136, 137, 138, 139, 144, 145, 146, 148, 149, 152, 153, 154, 155, 157, 158, 159, 161, 162, 163, 164, 165, 166, 168, 171, 172, 173, 174, 176, 177, 178, 180, 181, 182, 183, 184, 185, 187, 190, 191, 192, 193, 194, 196, 201, 202, 203, 205, 206, 208, 209, 210, 211, 212, 213, 214, 215, 217, 218, 219, 220, 221, 222, 227, 228, 229, 231, 232, 233, 235], "excluded_lines": [], "executed_branches": [[17, -13], [17, 18]], "missing_branches": [[49, 50], [49, 52], [60, 61], [60, 64], [62, 63], [62, 64], [125, 126], [125, 128], [154, 155], [154, 157], [157, 158], [157, 171], [161, 162], [161, 165], [163, 157], [163, 164], [165, 166], [165, 168], [173, 174], [173, 176], [176, 177], [176, 190], [180, 181], [180, 184], [182, 176], [182, 183], [184, 185], [184, 187], [191, 192], [191, 196], [193, 194], [193, 196], [201, 202], [201, 205], [208, 209], [208, 217], [210, 211], [210, 217], [212, 213], [212, 214], [214, 210], [214, 215], [217, -199], [217, 218], [219, -199], [219, 220], [221, 219], [221, 222], [227, 228], [227, 231], [228, 227], [228, 229], [231, 232], [231, 235], [232, 231], [232, 233]], "functions": {"schema": {"executed_lines": [17, 18], "summary": {"covered_lines": 2, "num_statements": 2, "percent_covered": 100.0, "percent_covered_display": "100.00", "missing_lines": 0, "excluded_lines": 0, "num_branches": 2, "num_partial_branches": 0, "covered_branches": 2, "missing_branches": 0}, "missing_lines": [], "excluded_lines": [], "executed_branches": [[17, -13], [17, 18]], "missing_branches": []}, "validate": {"executed_lines": [], "summary": {"covered_lines": 0, "num_statements": 21, "percent_covered": 0.0, "percent_covered_display": "0.00", "missing_lines": 21, "excluded_lines": 0, "num_branches": 6, "num_partial_branches": 0, "covered_branches": 0, "missing_branches": 6}, "missing_lines": [40, 41, 43, 44, 46, 47, 49, 50, 52, 55, 56, 58, 59, 60, 61, 62, 63, 64, 65, 66, 67], "excluded_lines": [], "executed_branches": [], "missing_branches": [[49, 50], [49, 52], [60, 61], [60, 64], [62, 63], [62, 64]]}, "fetch": {"executed_lines": [], "summary": {"covered_lines": 0, "num_statements": 14, "percent_covered": 0.0, "percent_covered_display": "0.00", "missing_lines": 14, "excluded_lines": 0, "num_branches": 0, "num_partial_branches": 0, "covered_branches": 0, "missing_branches": 0}, "missing_lines": [83, 84, 86, 87, 89, 90, 93, 94, 96, 97, 98, 99, 100, 101], "excluded_lines": [], "executed_branches": [], "missing_branches": []}, "check": {"executed_lines": [], "summary": {"covered_lines": 0, "num_statements": 15, "percent_covered": 0.0, "percent_covered_display": "0.00", "missing_lines": 15, "excluded_lines": 0, "num_branches": 2, "num_partial_branches": 0, "covered_branches": 0, "missing_branches": 2}, "missing_lines": [119, 120, 122, 123, 125, 126, 128, 131, 132, 134, 135, 136, 137, 138, 139], "excluded_lines": [], "executed_branches": [], "missing_branches": [[125, 126], [125, 128]]}, "_display_summary_report": {"executed_lines": [], "summary": {"covered_lines": 0, "num_statements": 39, "percent_covered": 0.0, "percent_covered_display": "0.00", "missing_lines": 39, "excluded_lines": 0, "num_branches": 24, "num_partial_branches": 0, "covered_branches": 0, "missing_branches": 24}, "missing_lines": [144, 145, 146, 148, 149, 152, 153, 154, 155, 157, 158, 159, 161, 162, 163, 164, 165, 166, 168, 171, 172, 173, 174, 176, 177, 178, 180, 181, 182, 183, 184, 185, 187, 190, 191, 192, 193, 194, 196], "excluded_lines": [], "executed_branches": [], "missing_branches": [[154, 155], [154, 157], [157, 158], [157, 171], [161, 162], [161, 165], [163, 157], [163, 164], [165, 166], [165, 168], [173, 174], [173, 176], [176, 177], [176, 190], [180, 181], [180, 184], [182, 176], [182, 183], [184, 185], [184, 187], [191, 192], [191, 196], [193, 194], [193, 196]]}, "_display_query_validation_results": {"executed_lines": [], "summary": {"covered_lines": 0, "num_statements": 19, "percent_covered": 0.0, "percent_covered_display": "0.00", "missing_lines": 19, "excluded_lines": 0, "num_branches": 16, "num_partial_branches": 0, "covered_branches": 0, "missing_branches": 16}, "missing_lines": [201, 202, 203, 205, 206, 208, 209, 210, 211, 212, 213, 214, 215, 217, 218, 219, 220, 221, 222], "excluded_lines": [], "executed_branches": [], "missing_branches": [[201, 202], [201, 205], [208, 209], [208, 217], [210, 211], [210, 217], [212, 213], [212, 214], [214, 210], [214, 215], [217, -199], [217, 218], [219, -199], [219, 220], [221, 219], [221, 222]]}, "_has_critical_errors": {"executed_lines": [], "summary": {"covered_lines": 0, "num_statements": 7, "percent_covered": 0.0, "percent_covered_display": "0.00", "missing_lines": 7, "excluded_lines": 0, "num_branches": 8, "num_partial_branches": 0, "covered_branches": 0, "missing_branches": 8}, "missing_lines": [227, 228, 229, 231, 232, 233, 235], "excluded_lines": [], "executed_branches": [], "missing_branches": [[227, 228], [227, 231], [228, 227], [228, 229], [231, 232], [231, 235], [232, 231], [232, 233]]}, "": {"executed_lines": [1, 3, 4, 5, 6, 8, 10, 13, 14, 15, 21, 22, 27, 32, 38, 70, 71, 76, 81, 104, 105, 106, 111, 117, 142, 199, 225], "summary": {"covered_lines": 26, "num_statements": 26, "percent_covered": 100.0, "percent_covered_display": "100.00", "missing_lines": 0, "excluded_lines": 0, "num_branches": 0, "num_partial_branches": 0, "covered_branches": 0, "missing_branches": 0}, "missing_lines": [], "excluded_lines": [], "executed_branches": [], "missing_branches": []}}, "classes": {"": {"executed_lines": [1, 3, 4, 5, 6, 8, 10, 13, 14, 15, 17, 18, 21, 22, 27, 32, 38, 70, 71, 76, 81, 104, 105, 106, 111, 117, 142, 199, 225], "summary": {"covered_lines": 28, "num_statements": 143, "percent_covered": 14.925373134328359, "percent_covered_display": "14.93", "missing_lines": 115, "excluded_lines": 0, "num_branches": 58, "num_partial_branches": 0, "covered_branches": 2, "missing_branches": 56}, "missing_lines": [40, 41, 43, 44, 46, 47, 49, 50, 52, 55, 56, 58, 59, 60, 61, 62, 63, 64, 65, 66, 67, 83, 84, 86, 87, 89, 90, 93, 94, 96, 97, 98, 99, 100, 101, 119, 120, 122, 123, 125, 126, 128, 131, 132, 134, 135, 136, 137, 138, 139, 144, 145, 146, 148, 149, 152, 153, 154, 155, 157, 158, 159, 161, 162, 163, 164, 165, 166, 168, 171, 172, 173, 174, 176, 177, 178, 180, 181, 182, 183, 184, 185, 187, 190, 191, 192, 193, 194, 196, 201, 202, 203, 205, 206, 208, 209, 210, 211, 212, 213, 214, 215, 217, 218, 219, 220, 221, 222, 227, 228, 229, 231, 232, 233, 235], "excluded_lines": [], "executed_branches": [[17, -13], [17, 18]], "missing_branches": [[49, 50], [49, 52], [60, 61], [60, 64], [62, 63], [62, 64], [125, 126], [125, 128], [154, 155], [154, 157], [157, 158], [157, 171], [161, 162], [161, 165], [163, 157], [163, 164], [165, 166], [165, 168], [173, 174], [173, 176], [176, 177], [176, 190], [180, 181], [180, 184], [182, 176], [182, 183], [184, 185], [184, 187], [191, 192], [191, 196], [193, 194], [193, 196], [201, 202], [201, 205], [208, 209], [208, 217], [210, 211], [210, 217], [212, 213], [212, 214], [214, 210], [214, 215], [217, -199], [217, 218], [219, -199], [219, 220], [221, 219], [221, 222], [227, 228], [227, 231], [228, 227], [228, 229], [231, 232], [231, 235], [232, 231], [232, 233]]}}}, "src/toady/exceptions.py": {"executed_lines": [1, 7, 8, 11, 12, 14, 15, 16, 17, 20, 21, 24, 25, 26, 29, 30, 31, 32, 33, 36, 37, 38, 39, 40, 43, 44, 45, 46, 49, 50, 51, 52, 53, 54, 55, 58, 59, 60, 61, 64, 65, 66, 67, 68, 71, 72, 79, 96, 97, 98, 99, 100, 101, 103, 105, 107, 113, 123, 124, 131, 148, 154, 155, 156, 159, 160, 161, 162, 163, 164, 167, 168, 174, 184, 190, 191, 192, 195, 196, 201, 216, 222, 223, 224, 225, 226, 227, 230, 231, 237, 252, 258, 259, 260, 261, 262, 263, 266, 267, 273, 280, 288, 289, 291, 300, 313, 314, 316, 325, 338, 339, 341, 356, 362, 363, 364, 365, 366, 367, 370, 371, 373, 386, 397, 398, 399, 402, 403, 405, 418, 429, 430, 431, 434, 435, 437, 452, 458, 459, 460, 461, 462, 463, 466, 467, 469, 484, 495, 496, 497, 498, 499, 500, 503, 504, 506, 523, 529, 530, 531, 532, 533, 534, 535, 536, 537, 541, 542, 544, 551, 559, 560, 562, 569, 576, 577, 579, 589, 599, 600, 601, 604, 605, 607, 614, 621, 622, 624, 634, 644, 645, 646, 649, 650, 652, 662, 672, 673, 674, 679, 682, 699, 700, 704, 712, 727], "summary": {"covered_lines": 183, "num_statements": 183, "percent_covered": 98.68995633187772, "percent_covered_display": "98.69", "missing_lines": 0, "excluded_lines": 0, "num_branches": 46, "num_partial_branches": 3, "covered_branches": 43, "missing_branches": 3}, "missing_lines": [], "excluded_lines": [], "executed_branches": [[159, 160], [159, 161], [161, 162], [161, 163], [163, -131], [163, 164], [191, -174], [191, 192], [224, 225], [224, 226], [226, -201], [226, 227], [260, 261], [260, 262], [262, -237], [262, 263], [364, 365], [364, 366], [366, -341], [366, 367], [398, -373], [398, 399], [430, -405], [430, 431], [460, 461], [460, 462], [462, -437], [462, 463], [497, 498], [497, 499], [499, -469], [499, 500], [532, 533], [532, 534], [534, 535], [534, 536], [536, -506], [536, 537], [600, 601], [645, 646], [673, 674], [699, 700], [699, 704]], "missing_branches": [[600, -579], [645, -624], [673, -652]], "functions": {"ToadyError.__init__": {"executed_lines": [96, 97, 98, 99, 100, 101], "summary": {"covered_lines": 6, "num_statements": 6, "percent_covered": 100.0, "percent_covered_display": "100.00", "missing_lines": 0, "excluded_lines": 0, "num_branches": 0, "num_partial_branches": 0, "covered_branches": 0, "missing_branches": 0}, "missing_lines": [], "excluded_lines": [], "executed_branches": [], "missing_branches": []}, "ToadyError.__str__": {"executed_lines": [105], "summary": {"covered_lines": 1, "num_statements": 1, "percent_covered": 100.0, "percent_covered_display": "100.00", "missing_lines": 0, "excluded_lines": 0, "num_branches": 0, "num_partial_branches": 0, "covered_branches": 0, "missing_branches": 0}, "missing_lines": [], "excluded_lines": [], "executed_branches": [], "missing_branches": []}, "ToadyError.to_dict": {"executed_lines": [113], "summary": {"covered_lines": 1, "num_statements": 1, "percent_covered": 100.0, "percent_covered_display": "100.00", "missing_lines": 0, "excluded_lines": 0, "num_branches": 0, "num_partial_branches": 0, "covered_branches": 0, "missing_branches": 0}, "missing_lines": [], "excluded_lines": [], "executed_branches": [], "missing_branches": []}, "ValidationError.__init__": {"executed_lines": [148, 154, 155, 156, 159, 160, 161, 162, 163, 164], "summary": {"covered_lines": 10, "num_statements": 10, "percent_covered": 100.0, "percent_covered_display": "100.00", "missing_lines": 0, "excluded_lines": 0, "num_branches": 6, "num_partial_branches": 0, "covered_branches": 6, "missing_branches": 0}, "missing_lines": [], "excluded_lines": [], "executed_branches": [[159, 160], [159, 161], [161, 162], [161, 163], [163, -131], [163, 164]], "missing_branches": []}, "ConfigurationError.__init__": {"executed_lines": [184, 190, 191, 192], "summary": {"covered_lines": 4, "num_statements": 4, "percent_covered": 100.0, "percent_covered_display": "100.00", "missing_lines": 0, "excluded_lines": 0, "num_branches": 2, "num_partial_branches": 0, "covered_branches": 2, "missing_branches": 0}, "missing_lines": [], "excluded_lines": [], "executed_branches": [[191, -174], [191, 192]], "missing_branches": []}, "FileOperationError.__init__": {"executed_lines": [216, 222, 223, 224, 225, 226, 227], "summary": {"covered_lines": 7, "num_statements": 7, "percent_covered": 100.0, "percent_covered_display": "100.00", "missing_lines": 0, "excluded_lines": 0, "num_branches": 4, "num_partial_branches": 0, "covered_branches": 4, "missing_branches": 0}, "missing_lines": [], "excluded_lines": [], "executed_branches": [[224, 225], [224, 226], [226, -201], [226, 227]], "missing_branches": []}, "NetworkError.__init__": {"executed_lines": [252, 258, 259, 260, 261, 262, 263], "summary": {"covered_lines": 7, "num_statements": 7, "percent_covered": 100.0, "percent_covered_display": "100.00", "missing_lines": 0, "excluded_lines": 0, "num_branches": 4, "num_partial_branches": 0, "covered_branches": 4, "missing_branches": 0}, "missing_lines": [], "excluded_lines": [], "executed_branches": [[260, 261], [260, 262], [262, -237], [262, 263]], "missing_branches": []}, "GitHubServiceError.__init__": {"executed_lines": [280], "summary": {"covered_lines": 1, "num_statements": 1, "percent_covered": 100.0, "percent_covered_display": "100.00", "missing_lines": 0, "excluded_lines": 0, "num_branches": 0, "num_partial_branches": 0, "covered_branches": 0, "missing_branches": 0}, "missing_lines": [], "excluded_lines": [], "executed_branches": [], "missing_branches": []}, "GitHubCLINotFoundError.__init__": {"executed_lines": [300], "summary": {"covered_lines": 1, "num_statements": 1, "percent_covered": 100.0, "percent_covered_display": "100.00", "missing_lines": 0, "excluded_lines": 0, "num_branches": 0, "num_partial_branches": 0, "covered_branches": 0, "missing_branches": 0}, "missing_lines": [], "excluded_lines": [], "executed_branches": [], "missing_branches": []}, "GitHubAuthenticationError.__init__": {"executed_lines": [325], "summary": {"covered_lines": 1, "num_statements": 1, "percent_covered": 100.0, "percent_covered_display": "100.00", "missing_lines": 0, "excluded_lines": 0, "num_branches": 0, "num_partial_branches": 0, "covered_branches": 0, "missing_branches": 0}, "missing_lines": [], "excluded_lines": [], "executed_branches": [], "missing_branches": []}, "GitHubAPIError.__init__": {"executed_lines": [356, 362, 363, 364, 365, 366, 367], "summary": {"covered_lines": 7, "num_statements": 7, "percent_covered": 100.0, "percent_covered_display": "100.00", "missing_lines": 0, "excluded_lines": 0, "num_branches": 4, "num_partial_branches": 0, "covered_branches": 4, "missing_branches": 0}, "missing_lines": [], "excluded_lines": [], "executed_branches": [[364, 365], [364, 366], [366, -341], [366, 367]], "missing_branches": []}, "GitHubTimeoutError.__init__": {"executed_lines": [386, 397, 398, 399], "summary": {"covered_lines": 4, "num_statements": 4, "percent_covered": 100.0, "percent_covered_display": "100.00", "missing_lines": 0, "excluded_lines": 0, "num_branches": 2, "num_partial_branches": 0, "covered_branches": 2, "missing_branches": 0}, "missing_lines": [], "excluded_lines": [], "executed_branches": [[398, -373], [398, 399]], "missing_branches": []}, "GitHubRateLimitError.__init__": {"executed_lines": [418, 429, 430, 431], "summary": {"covered_lines": 4, "num_statements": 4, "percent_covered": 100.0, "percent_covered_display": "100.00", "missing_lines": 0, "excluded_lines": 0, "num_branches": 2, "num_partial_branches": 0, "covered_branches": 2, "missing_branches": 0}, "missing_lines": [], "excluded_lines": [], "executed_branches": [[430, -405], [430, 431]], "missing_branches": []}, "GitHubNotFoundError.__init__": {"executed_lines": [452, 458, 459, 460, 461, 462, 463], "summary": {"covered_lines": 7, "num_statements": 7, "percent_covered": 100.0, "percent_covered_display": "100.00", "missing_lines": 0, "excluded_lines": 0, "num_branches": 4, "num_partial_branches": 0, "covered_branches": 4, "missing_branches": 0}, "missing_lines": [], "excluded_lines": [], "executed_branches": [[460, 461], [460, 462], [462, -437], [462, 463]], "missing_branches": []}, "GitHubPermissionError.__init__": {"executed_lines": [484, 495, 496, 497, 498, 499, 500], "summary": {"covered_lines": 7, "num_statements": 7, "percent_covered": 100.0, "percent_covered_display": "100.00", "missing_lines": 0, "excluded_lines": 0, "num_branches": 4, "num_partial_branches": 0, "covered_branches": 4, "missing_branches": 0}, "missing_lines": [], "excluded_lines": [], "executed_branches": [[497, 498], [497, 499], [499, -469], [499, 500]], "missing_branches": []}, "CommandExecutionError.__init__": {"executed_lines": [523, 529, 530, 531, 532, 533, 534, 535, 536, 537], "summary": {"covered_lines": 10, "num_statements": 10, "percent_covered": 100.0, "percent_covered_display": "100.00", "missing_lines": 0, "excluded_lines": 0, "num_branches": 6, "num_partial_branches": 0, "covered_branches": 6, "missing_branches": 0}, "missing_lines": [], "excluded_lines": [], "executed_branches": [[532, 533], [532, 534], [534, 535], [534, 536], [536, -506], [536, 537]], "missing_branches": []}, "FetchServiceError.__init__": {"executed_lines": [551], "summary": {"covered_lines": 1, "num_statements": 1, "percent_covered": 100.0, "percent_covered_display": "100.00", "missing_lines": 0, "excluded_lines": 0, "num_branches": 0, "num_partial_branches": 0, "covered_branches": 0, "missing_branches": 0}, "missing_lines": [], "excluded_lines": [], "executed_branches": [], "missing_branches": []}, "ReplyServiceError.__init__": {"executed_lines": [569], "summary": {"covered_lines": 1, "num_statements": 1, "percent_covered": 100.0, "percent_covered_display": "100.00", "missing_lines": 0, "excluded_lines": 0, "num_branches": 0, "num_partial_branches": 0, "covered_branches": 0, "missing_branches": 0}, "missing_lines": [], "excluded_lines": [], "executed_branches": [], "missing_branches": []}, "CommentNotFoundError.__init__": {"executed_lines": [589, 599, 600, 601], "summary": {"covered_lines": 4, "num_statements": 4, "percent_covered": 83.33333333333333, "percent_covered_display": "83.33", "missing_lines": 0, "excluded_lines": 0, "num_branches": 2, "num_partial_branches": 1, "covered_branches": 1, "missing_branches": 1}, "missing_lines": [], "excluded_lines": [], "executed_branches": [[600, 601]], "missing_branches": [[600, -579]]}, "ResolveServiceError.__init__": {"executed_lines": [614], "summary": {"covered_lines": 1, "num_statements": 1, "percent_covered": 100.0, "percent_covered_display": "100.00", "missing_lines": 0, "excluded_lines": 0, "num_branches": 0, "num_partial_branches": 0, "covered_branches": 0, "missing_branches": 0}, "missing_lines": [], "excluded_lines": [], "executed_branches": [], "missing_branches": []}, "ThreadNotFoundError.__init__": {"executed_lines": [634, 644, 645, 646], "summary": {"covered_lines": 4, "num_statements": 4, "percent_covered": 83.33333333333333, "percent_covered_display": "83.33", "missing_lines": 0, "excluded_lines": 0, "num_branches": 2, "num_partial_branches": 1, "covered_branches": 1, "missing_branches": 1}, "missing_lines": [], "excluded_lines": [], "executed_branches": [[645, 646]], "missing_branches": [[645, -624]]}, "ThreadPermissionError.__init__": {"executed_lines": [662, 672, 673, 674], "summary": {"covered_lines": 4, "num_statements": 4, "percent_covered": 83.33333333333333, "percent_covered_display": "83.33", "missing_lines": 0, "excluded_lines": 0, "num_branches": 2, "num_partial_branches": 1, "covered_branches": 1, "missing_branches": 1}, "missing_lines": [], "excluded_lines": [], "executed_branches": [[673, 674]], "missing_branches": [[673, -652]]}, "create_validation_error": {"executed_lines": [699, 700, 704], "summary": {"covered_lines": 3, "num_statements": 3, "percent_covered": 100.0, "percent_covered_display": "100.00", "missing_lines": 0, "excluded_lines": 0, "num_branches": 2, "num_partial_branches": 0, "covered_branches": 2, "missing_branches": 0}, "missing_lines": [], "excluded_lines": [], "executed_branches": [[699, 700], [699, 704]], "missing_branches": []}, "create_github_error": {"executed_lines": [727], "summary": {"covered_lines": 1, "num_statements": 1, "percent_covered": 100.0, "percent_covered_display": "100.00", "missing_lines": 0, "excluded_lines": 0, "num_branches": 0, "num_partial_branches": 0, "covered_branches": 0, "missing_branches": 0}, "missing_lines": [], "excluded_lines": [], "executed_branches": [], "missing_branches": []}, "": {"executed_lines": [1, 7, 8, 11, 12, 14, 15, 16, 17, 20, 21, 24, 25, 26, 29, 30, 31, 32, 33, 36, 37, 38, 39, 40, 43, 44, 45, 46, 49, 50, 51, 52, 53, 54, 55, 58, 59, 60, 61, 64, 65, 66, 67, 68, 71, 72, 79, 103, 107, 123, 124, 131, 167, 168, 174, 195, 196, 201, 230, 231, 237, 266, 267, 273, 288, 289, 291, 313, 314, 316, 338, 339, 341, 370, 371, 373, 402, 403, 405, 434, 435, 437, 466, 467, 469, 503, 504, 506, 541, 542, 544, 559, 560, 562, 576, 577, 579, 604, 605, 607, 621, 622, 624, 649, 650, 652, 679, 682, 712], "summary": {"covered_lines": 86, "num_statements": 86, "percent_covered": 100.0, "percent_covered_display": "100.00", "missing_lines": 0, "excluded_lines": 0, "num_branches": 0, "num_partial_branches": 0, "covered_branches": 0, "missing_branches": 0}, "missing_lines": [], "excluded_lines": [], "executed_branches": [], "missing_branches": []}}, "classes": {"ErrorSeverity": {"executed_lines": [], "summary": {"covered_lines": 0, "num_statements": 0, "percent_covered": 100.0, "percent_covered_display": "100.00", "missing_lines": 0, "excluded_lines": 0, "num_branches": 0, "num_partial_branches": 0, "covered_branches": 0, "missing_branches": 0}, "missing_lines": [], "excluded_lines": [], "executed_branches": [], "missing_branches": []}, "ErrorCode": {"executed_lines": [], "summary": {"covered_lines": 0, "num_statements": 0, "percent_covered": 100.0, "percent_covered_display": "100.00", "missing_lines": 0, "excluded_lines": 0, "num_branches": 0, "num_partial_branches": 0, "covered_branches": 0, "missing_branches": 0}, "missing_lines": [], "excluded_lines": [], "executed_branches": [], "missing_branches": []}, "ToadyError": {"executed_lines": [96, 97, 98, 99, 100, 101, 105, 113], "summary": {"covered_lines": 8, "num_statements": 8, "percent_covered": 100.0, "percent_covered_display": "100.00", "missing_lines": 0, "excluded_lines": 0, "num_branches": 0, "num_partial_branches": 0, "covered_branches": 0, "missing_branches": 0}, "missing_lines": [], "excluded_lines": [], "executed_branches": [], "missing_branches": []}, "ValidationError": {"executed_lines": [148, 154, 155, 156, 159, 160, 161, 162, 163, 164], "summary": {"covered_lines": 10, "num_statements": 10, "percent_covered": 100.0, "percent_covered_display": "100.00", "missing_lines": 0, "excluded_lines": 0, "num_branches": 6, "num_partial_branches": 0, "covered_branches": 6, "missing_branches": 0}, "missing_lines": [], "excluded_lines": [], "executed_branches": [[159, 160], [159, 161], [161, 162], [161, 163], [163, -131], [163, 164]], "missing_branches": []}, "ConfigurationError": {"executed_lines": [184, 190, 191, 192], "summary": {"covered_lines": 4, "num_statements": 4, "percent_covered": 100.0, "percent_covered_display": "100.00", "missing_lines": 0, "excluded_lines": 0, "num_branches": 2, "num_partial_branches": 0, "covered_branches": 2, "missing_branches": 0}, "missing_lines": [], "excluded_lines": [], "executed_branches": [[191, -174], [191, 192]], "missing_branches": []}, "FileOperationError": {"executed_lines": [216, 222, 223, 224, 225, 226, 227], "summary": {"covered_lines": 7, "num_statements": 7, "percent_covered": 100.0, "percent_covered_display": "100.00", "missing_lines": 0, "excluded_lines": 0, "num_branches": 4, "num_partial_branches": 0, "covered_branches": 4, "missing_branches": 0}, "missing_lines": [], "excluded_lines": [], "executed_branches": [[224, 225], [224, 226], [226, -201], [226, 227]], "missing_branches": []}, "NetworkError": {"executed_lines": [252, 258, 259, 260, 261, 262, 263], "summary": {"covered_lines": 7, "num_statements": 7, "percent_covered": 100.0, "percent_covered_display": "100.00", "missing_lines": 0, "excluded_lines": 0, "num_branches": 4, "num_partial_branches": 0, "covered_branches": 4, "missing_branches": 0}, "missing_lines": [], "excluded_lines": [], "executed_branches": [[260, 261], [260, 262], [262, -237], [262, 263]], "missing_branches": []}, "GitHubServiceError": {"executed_lines": [280], "summary": {"covered_lines": 1, "num_statements": 1, "percent_covered": 100.0, "percent_covered_display": "100.00", "missing_lines": 0, "excluded_lines": 0, "num_branches": 0, "num_partial_branches": 0, "covered_branches": 0, "missing_branches": 0}, "missing_lines": [], "excluded_lines": [], "executed_branches": [], "missing_branches": []}, "GitHubCLINotFoundError": {"executed_lines": [300], "summary": {"covered_lines": 1, "num_statements": 1, "percent_covered": 100.0, "percent_covered_display": "100.00", "missing_lines": 0, "excluded_lines": 0, "num_branches": 0, "num_partial_branches": 0, "covered_branches": 0, "missing_branches": 0}, "missing_lines": [], "excluded_lines": [], "executed_branches": [], "missing_branches": []}, "GitHubAuthenticationError": {"executed_lines": [325], "summary": {"covered_lines": 1, "num_statements": 1, "percent_covered": 100.0, "percent_covered_display": "100.00", "missing_lines": 0, "excluded_lines": 0, "num_branches": 0, "num_partial_branches": 0, "covered_branches": 0, "missing_branches": 0}, "missing_lines": [], "excluded_lines": [], "executed_branches": [], "missing_branches": []}, "GitHubAPIError": {"executed_lines": [356, 362, 363, 364, 365, 366, 367], "summary": {"covered_lines": 7, "num_statements": 7, "percent_covered": 100.0, "percent_covered_display": "100.00", "missing_lines": 0, "excluded_lines": 0, "num_branches": 4, "num_partial_branches": 0, "covered_branches": 4, "missing_branches": 0}, "missing_lines": [], "excluded_lines": [], "executed_branches": [[364, 365], [364, 366], [366, -341], [366, 367]], "missing_branches": []}, "GitHubTimeoutError": {"executed_lines": [386, 397, 398, 399], "summary": {"covered_lines": 4, "num_statements": 4, "percent_covered": 100.0, "percent_covered_display": "100.00", "missing_lines": 0, "excluded_lines": 0, "num_branches": 2, "num_partial_branches": 0, "covered_branches": 2, "missing_branches": 0}, "missing_lines": [], "excluded_lines": [], "executed_branches": [[398, -373], [398, 399]], "missing_branches": []}, "GitHubRateLimitError": {"executed_lines": [418, 429, 430, 431], "summary": {"covered_lines": 4, "num_statements": 4, "percent_covered": 100.0, "percent_covered_display": "100.00", "missing_lines": 0, "excluded_lines": 0, "num_branches": 2, "num_partial_branches": 0, "covered_branches": 2, "missing_branches": 0}, "missing_lines": [], "excluded_lines": [], "executed_branches": [[430, -405], [430, 431]], "missing_branches": []}, "GitHubNotFoundError": {"executed_lines": [452, 458, 459, 460, 461, 462, 463], "summary": {"covered_lines": 7, "num_statements": 7, "percent_covered": 100.0, "percent_covered_display": "100.00", "missing_lines": 0, "excluded_lines": 0, "num_branches": 4, "num_partial_branches": 0, "covered_branches": 4, "missing_branches": 0}, "missing_lines": [], "excluded_lines": [], "executed_branches": [[460, 461], [460, 462], [462, -437], [462, 463]], "missing_branches": []}, "GitHubPermissionError": {"executed_lines": [484, 495, 496, 497, 498, 499, 500], "summary": {"covered_lines": 7, "num_statements": 7, "percent_covered": 100.0, "percent_covered_display": "100.00", "missing_lines": 0, "excluded_lines": 0, "num_branches": 4, "num_partial_branches": 0, "covered_branches": 4, "missing_branches": 0}, "missing_lines": [], "excluded_lines": [], "executed_branches": [[497, 498], [497, 499], [499, -469], [499, 500]], "missing_branches": []}, "CommandExecutionError": {"executed_lines": [523, 529, 530, 531, 532, 533, 534, 535, 536, 537], "summary": {"covered_lines": 10, "num_statements": 10, "percent_covered": 100.0, "percent_covered_display": "100.00", "missing_lines": 0, "excluded_lines": 0, "num_branches": 6, "num_partial_branches": 0, "covered_branches": 6, "missing_branches": 0}, "missing_lines": [], "excluded_lines": [], "executed_branches": [[532, 533], [532, 534], [534, 535], [534, 536], [536, -506], [536, 537]], "missing_branches": []}, "FetchServiceError": {"executed_lines": [551], "summary": {"covered_lines": 1, "num_statements": 1, "percent_covered": 100.0, "percent_covered_display": "100.00", "missing_lines": 0, "excluded_lines": 0, "num_branches": 0, "num_partial_branches": 0, "covered_branches": 0, "missing_branches": 0}, "missing_lines": [], "excluded_lines": [], "executed_branches": [], "missing_branches": []}, "ReplyServiceError": {"executed_lines": [569], "summary": {"covered_lines": 1, "num_statements": 1, "percent_covered": 100.0, "percent_covered_display": "100.00", "missing_lines": 0, "excluded_lines": 0, "num_branches": 0, "num_partial_branches": 0, "covered_branches": 0, "missing_branches": 0}, "missing_lines": [], "excluded_lines": [], "executed_branches": [], "missing_branches": []}, "CommentNotFoundError": {"executed_lines": [589, 599, 600, 601], "summary": {"covered_lines": 4, "num_statements": 4, "percent_covered": 83.33333333333333, "percent_covered_display": "83.33", "missing_lines": 0, "excluded_lines": 0, "num_branches": 2, "num_partial_branches": 1, "covered_branches": 1, "missing_branches": 1}, "missing_lines": [], "excluded_lines": [], "executed_branches": [[600, 601]], "missing_branches": [[600, -579]]}, "ResolveServiceError": {"executed_lines": [614], "summary": {"covered_lines": 1, "num_statements": 1, "percent_covered": 100.0, "percent_covered_display": "100.00", "missing_lines": 0, "excluded_lines": 0, "num_branches": 0, "num_partial_branches": 0, "covered_branches": 0, "missing_branches": 0}, "missing_lines": [], "excluded_lines": [], "executed_branches": [], "missing_branches": []}, "ThreadNotFoundError": {"executed_lines": [634, 644, 645, 646], "summary": {"covered_lines": 4, "num_statements": 4, "percent_covered": 83.33333333333333, "percent_covered_display": "83.33", "missing_lines": 0, "excluded_lines": 0, "num_branches": 2, "num_partial_branches": 1, "covered_branches": 1, "missing_branches": 1}, "missing_lines": [], "excluded_lines": [], "executed_branches": [[645, 646]], "missing_branches": [[645, -624]]}, "ThreadPermissionError": {"executed_lines": [662, 672, 673, 674], "summary": {"covered_lines": 4, "num_statements": 4, "percent_covered": 83.33333333333333, "percent_covered_display": "83.33", "missing_lines": 0, "excluded_lines": 0, "num_branches": 2, "num_partial_branches": 1, "covered_branches": 1, "missing_branches": 1}, "missing_lines": [], "excluded_lines": [], "executed_branches": [[673, 674]], "missing_branches": [[673, -652]]}, "": {"executed_lines": [1, 7, 8, 11, 12, 14, 15, 16, 17, 20, 21, 24, 25, 26, 29, 30, 31, 32, 33, 36, 37, 38, 39, 40, 43, 44, 45, 46, 49, 50, 51, 52, 53, 54, 55, 58, 59, 60, 61, 64, 65, 66, 67, 68, 71, 72, 79, 103, 107, 123, 124, 131, 167, 168, 174, 195, 196, 201, 230, 231, 237, 266, 267, 273, 288, 289, 291, 313, 314, 316, 338, 339, 341, 370, 371, 373, 402, 403, 405, 434, 435, 437, 466, 467, 469, 503, 504, 506, 541, 542, 544, 559, 560, 562, 576, 577, 579, 604, 605, 607, 621, 622, 624, 649, 650, 652, 679, 682, 699, 700, 704, 712, 727], "summary": {"covered_lines": 90, "num_statements": 90, "percent_covered": 100.0, "percent_covered_display": "100.00", "missing_lines": 0, "excluded_lines": 0, "num_branches": 2, "num_partial_branches": 0, "covered_branches": 2, "missing_branches": 0}, "missing_lines": [], "excluded_lines": [], "executed_branches": [[699, 700], [699, 704]], "missing_branches": []}}}, "src/toady/fetch_service.py": {"executed_lines": [1, 3, 5, 6, 7, 8, 11, 12, 14, 17, 18, 20, 26, 27, 29, 54, 56, 61, 62, 65, 68, 71, 72, 75, 77, 79, 80, 82, 84, 93, 94, 95, 100, 101, 102, 104, 106, 128, 131], "summary": {"covered_lines": 36, "num_statements": 36, "percent_covered": 100.0, "percent_covered_display": "100.00", "missing_lines": 0, "excluded_lines": 0, "num_branches": 8, "num_partial_branches": 0, "covered_branches": 8, "missing_branches": 0}, "missing_lines": [], "excluded_lines": [], "executed_branches": [[71, 72], [71, 75], [79, 80], [79, 82], [94, 95], [94, 100], [101, 102], [101, 104]], "missing_branches": [], "functions": {"FetchService.__init__": {"executed_lines": [26, 27], "summary": {"covered_lines": 2, "num_statements": 2, "percent_covered": 100.0, "percent_covered_display": "100.00", "missing_lines": 0, "excluded_lines": 0, "num_branches": 0, "num_partial_branches": 0, "covered_branches": 0, "missing_branches": 0}, "missing_lines": [], "excluded_lines": [], "executed_branches": [], "missing_branches": []}, "FetchService.fetch_review_threads": {"executed_lines": [54, 56, 61, 62, 65, 68, 71, 72, 75, 77, 79, 80, 82], "summary": {"covered_lines": 13, "num_statements": 13, "percent_covered": 100.0, "percent_covered_display": "100.00", "missing_lines": 0, "excluded_lines": 0, "num_branches": 4, "num_partial_branches": 0, "covered_branches": 4, "missing_branches": 0}, "missing_lines": [], "excluded_lines": [], "executed_branches": [[71, 72], [71, 75], [79, 80], [79, 82]], "missing_branches": []}, "FetchService._get_repository_info": {"executed_lines": [93, 94, 95, 100, 101, 102, 104], "summary": {"covered_lines": 7, "num_statements": 7, "percent_covered": 100.0, "percent_covered_display": "100.00", "missing_lines": 0, "excluded_lines": 0, "num_branches": 4, "num_partial_branches": 0, "covered_branches": 4, "missing_branches": 0}, "missing_lines": [], "excluded_lines": [], "executed_branches": [[94, 95], [94, 100], [101, 102], [101, 104]], "missing_branches": []}, "FetchService.fetch_review_threads_from_current_repo": {"executed_lines": [128, 131], "summary": {"covered_lines": 2, "num_statements": 2, "percent_covered": 100.0, "percent_covered_display": "100.00", "missing_lines": 0, "excluded_lines": 0, "num_branches": 0, "num_partial_branches": 0, "covered_branches": 0, "missing_branches": 0}, "missing_lines": [], "excluded_lines": [], "executed_branches": [], "missing_branches": []}, "": {"executed_lines": [1, 3, 5, 6, 7, 8, 11, 12, 14, 17, 18, 20, 29, 84, 106], "summary": {"covered_lines": 12, "num_statements": 12, "percent_covered": 100.0, "percent_covered_display": "100.00", "missing_lines": 0, "excluded_lines": 0, "num_branches": 0, "num_partial_branches": 0, "covered_branches": 0, "missing_branches": 0}, "missing_lines": [], "excluded_lines": [], "executed_branches": [], "missing_branches": []}}, "classes": {"FetchServiceError": {"executed_lines": [], "summary": {"covered_lines": 0, "num_statements": 0, "percent_covered": 100.0, "percent_covered_display": "100.00", "missing_lines": 0, "excluded_lines": 0, "num_branches": 0, "num_partial_branches": 0, "covered_branches": 0, "missing_branches": 0}, "missing_lines": [], "excluded_lines": [], "executed_branches": [], "missing_branches": []}, "FetchService": {"executed_lines": [26, 27, 54, 56, 61, 62, 65, 68, 71, 72, 75, 77, 79, 80, 82, 93, 94, 95, 100, 101, 102, 104, 128, 131], "summary": {"covered_lines": 24, "num_statements": 24, "percent_covered": 100.0, "percent_covered_display": "100.00", "missing_lines": 0, "excluded_lines": 0, "num_branches": 8, "num_partial_branches": 0, "covered_branches": 8, "missing_branches": 0}, "missing_lines": [], "excluded_lines": [], "executed_branches": [[71, 72], [71, 75], [79, 80], [79, 82], [94, 95], [94, 100], [101, 102], [101, 104]], "missing_branches": []}, "": {"executed_lines": [1, 3, 5, 6, 7, 8, 11, 12, 14, 17, 18, 20, 29, 84, 106], "summary": {"covered_lines": 12, "num_statements": 12, "percent_covered": 100.0, "percent_covered_display": "100.00", "missing_lines": 0, "excluded_lines": 0, "num_branches": 0, "num_partial_branches": 0, "covered_branches": 0, "missing_branches": 0}, "missing_lines": [], "excluded_lines": [], "executed_branches": [], "missing_branches": []}}}, "src/toady/format_interfaces.py": {"executed_lines": [1, 8, 9, 11, 14, 15, 21, 22, 33, 34, 45, 46, 57, 58, 69, 70, 81, 82, 93, 111, 130, 131, 137, 143, 145, 154, 155, 156, 157, 158, 159, 160, 161, 164, 165, 167, 168, 169, 170, 172, 184, 185, 186, 188, 190, 200, 202, 206, 207, 208, 209, 211, 215, 216, 217, 218, 221, 222, 224, 233, 234, 237, 238, 240, 257, 258, 259, 260, 261, 263, 269, 278, 279, 281, 283, 284, 291, 293, 294, 307, 308, 309, 313, 314, 315, 316, 317, 318, 322, 323, 329, 331, 332, 341], "summary": {"covered_lines": 76, "num_statements": 83, "percent_covered": 88.57142857142857, "percent_covered_display": "88.57", "missing_lines": 7, "excluded_lines": 66, "num_branches": 22, "num_partial_branches": 1, "covered_branches": 17, "missing_branches": 5}, "missing_lines": [105, 106, 109, 123, 124, 127, 187], "excluded_lines": [21, 22, 23, 24, 25, 26, 27, 28, 29, 30, 31, 33, 34, 35, 36, 37, 38, 39, 40, 41, 42, 43, 45, 46, 47, 48, 49, 50, 51, 52, 53, 54, 55, 57, 58, 59, 60, 61, 62, 63, 64, 65, 66, 67, 69, 70, 71, 72, 73, 74, 75, 76, 77, 78, 79, 81, 82, 83, 84, 85, 86, 87, 88, 89, 90, 91], "executed_branches": [[154, 155], [154, 156], [156, 157], [156, 158], [158, 159], [158, 160], [160, 161], [160, 164], [184, 185], [184, 186], [186, 188], [207, 208], [207, 209], [216, 217], [216, 218], [307, 308], [307, 313]], "missing_branches": [[105, 106], [105, 109], [123, 124], [123, 127], [186, 187]], "functions": {"IFormatter.format_threads": {"executed_lines": [], "summary": {"covered_lines": 0, "num_statements": 0, "percent_covered": 100.0, "percent_covered_display": "100.00", "missing_lines": 0, "excluded_lines": 9, "num_branches": 0, "num_partial_branches": 0, "covered_branches": 0, "missing_branches": 0}, "missing_lines": [], "excluded_lines": [23, 24, 25, 26, 27, 28, 29, 30, 31], "executed_branches": [], "missing_branches": []}, "IFormatter.format_comments": {"executed_lines": [], "summary": {"covered_lines": 0, "num_statements": 0, "percent_covered": 100.0, "percent_covered_display": "100.00", "missing_lines": 0, "excluded_lines": 9, "num_branches": 0, "num_partial_branches": 0, "covered_branches": 0, "missing_branches": 0}, "missing_lines": [], "excluded_lines": [35, 36, 37, 38, 39, 40, 41, 42, 43], "executed_branches": [], "missing_branches": []}, "IFormatter.format_object": {"executed_lines": [], "summary": {"covered_lines": 0, "num_statements": 0, "percent_covered": 100.0, "percent_covered_display": "100.00", "missing_lines": 0, "excluded_lines": 9, "num_branches": 0, "num_partial_branches": 0, "covered_branches": 0, "missing_branches": 0}, "missing_lines": [], "excluded_lines": [47, 48, 49, 50, 51, 52, 53, 54, 55], "executed_branches": [], "missing_branches": []}, "IFormatter.format_array": {"executed_lines": [], "summary": {"covered_lines": 0, "num_statements": 0, "percent_covered": 100.0, "percent_covered_display": "100.00", "missing_lines": 0, "excluded_lines": 9, "num_branches": 0, "num_partial_branches": 0, "covered_branches": 0, "missing_branches": 0}, "missing_lines": [], "excluded_lines": [59, 60, 61, 62, 63, 64, 65, 66, 67], "executed_branches": [], "missing_branches": []}, "IFormatter.format_primitive": {"executed_lines": [], "summary": {"covered_lines": 0, "num_statements": 0, "percent_covered": 100.0, "percent_covered_display": "100.00", "missing_lines": 0, "excluded_lines": 9, "num_branches": 0, "num_partial_branches": 0, "covered_branches": 0, "missing_branches": 0}, "missing_lines": [], "excluded_lines": [71, 72, 73, 74, 75, 76, 77, 78, 79], "executed_branches": [], "missing_branches": []}, "IFormatter.format_error": {"executed_lines": [], "summary": {"covered_lines": 0, "num_statements": 0, "percent_covered": 100.0, "percent_covered_display": "100.00", "missing_lines": 0, "excluded_lines": 9, "num_branches": 0, "num_partial_branches": 0, "covered_branches": 0, "missing_branches": 0}, "missing_lines": [], "excluded_lines": [83, 84, 85, 86, 87, 88, 89, 90, 91], "executed_branches": [], "missing_branches": []}, "IFormatter.format_success_message": {"executed_lines": [], "summary": {"covered_lines": 0, "num_statements": 3, "percent_covered": 0.0, "percent_covered_display": "0.00", "missing_lines": 3, "excluded_lines": 0, "num_branches": 2, "num_partial_branches": 0, "covered_branches": 0, "missing_branches": 2}, "missing_lines": [105, 106, 109], "excluded_lines": [], "executed_branches": [], "missing_branches": [[105, 106], [105, 109]]}, "IFormatter.format_warning_message": {"executed_lines": [], "summary": {"covered_lines": 0, "num_statements": 3, "percent_covered": 0.0, "percent_covered_display": "0.00", "missing_lines": 3, "excluded_lines": 0, "num_branches": 2, "num_partial_branches": 0, "covered_branches": 0, "missing_branches": 2}, "missing_lines": [123, 124, 127], "excluded_lines": [], "executed_branches": [], "missing_branches": [[123, 124], [123, 127]]}, "BaseFormatter.__init__": {"executed_lines": [143], "summary": {"covered_lines": 1, "num_statements": 1, "percent_covered": 100.0, "percent_covered_display": "100.00", "missing_lines": 0, "excluded_lines": 0, "num_branches": 0, "num_partial_branches": 0, "covered_branches": 0, "missing_branches": 0}, "missing_lines": [], "excluded_lines": [], "executed_branches": [], "missing_branches": []}, "BaseFormatter._safe_serialize": {"executed_lines": [154, 155, 156, 157, 158, 159, 160, 161, 164, 165, 167, 168, 169, 170], "summary": {"covered_lines": 14, "num_statements": 14, "percent_covered": 100.0, "percent_covered_display": "100.00", "missing_lines": 0, "excluded_lines": 0, "num_branches": 8, "num_partial_branches": 0, "covered_branches": 8, "missing_branches": 0}, "missing_lines": [], "excluded_lines": [], "executed_branches": [[154, 155], [154, 156], [156, 157], [156, 158], [158, 159], [158, 160], [160, 161], [160, 164]], "missing_branches": []}, "BaseFormatter._handle_empty_data": {"executed_lines": [184, 185, 186, 188], "summary": {"covered_lines": 4, "num_statements": 5, "percent_covered": 77.77777777777777, "percent_covered_display": "77.78", "missing_lines": 1, "excluded_lines": 0, "num_branches": 4, "num_partial_branches": 1, "covered_branches": 3, "missing_branches": 1}, "missing_lines": [187], "excluded_lines": [], "executed_branches": [[184, 185], [184, 186], [186, 188]], "missing_branches": [[186, 187]]}, "BaseFormatter.format_comments": {"executed_lines": [200], "summary": {"covered_lines": 1, "num_statements": 1, "percent_covered": 100.0, "percent_covered_display": "100.00", "missing_lines": 0, "excluded_lines": 0, "num_branches": 0, "num_partial_branches": 0, "covered_branches": 0, "missing_branches": 0}, "missing_lines": [], "excluded_lines": [], "executed_branches": [], "missing_branches": []}, "BaseFormatter.format_success_message": {"executed_lines": [206, 207, 208, 209], "summary": {"covered_lines": 4, "num_statements": 4, "percent_covered": 100.0, "percent_covered_display": "100.00", "missing_lines": 0, "excluded_lines": 0, "num_branches": 2, "num_partial_branches": 0, "covered_branches": 2, "missing_branches": 0}, "missing_lines": [], "excluded_lines": [], "executed_branches": [[207, 208], [207, 209]], "missing_branches": []}, "BaseFormatter.format_warning_message": {"executed_lines": [215, 216, 217, 218], "summary": {"covered_lines": 4, "num_statements": 4, "percent_covered": 100.0, "percent_covered_display": "100.00", "missing_lines": 0, "excluded_lines": 0, "num_branches": 2, "num_partial_branches": 0, "covered_branches": 2, "missing_branches": 0}, "missing_lines": [], "excluded_lines": [], "executed_branches": [[216, 217], [216, 218]], "missing_branches": []}, "FormatterError.__init__": {"executed_lines": [233, 234], "summary": {"covered_lines": 2, "num_statements": 2, "percent_covered": 100.0, "percent_covered_display": "100.00", "missing_lines": 0, "excluded_lines": 0, "num_branches": 0, "num_partial_branches": 0, "covered_branches": 0, "missing_branches": 0}, "missing_lines": [], "excluded_lines": [], "executed_branches": [], "missing_branches": []}, "FormatterOptions.__init__": {"executed_lines": [257, 258, 259, 260, 261], "summary": {"covered_lines": 5, "num_statements": 5, "percent_covered": 100.0, "percent_covered_display": "100.00", "missing_lines": 0, "excluded_lines": 0, "num_branches": 0, "num_partial_branches": 0, "covered_branches": 0, "missing_branches": 0}, "missing_lines": [], "excluded_lines": [], "executed_branches": [], "missing_branches": []}, "FormatterOptions.to_dict": {"executed_lines": [269], "summary": {"covered_lines": 1, "num_statements": 1, "percent_covered": 100.0, "percent_covered_display": "100.00", "missing_lines": 0, "excluded_lines": 0, "num_branches": 0, "num_partial_branches": 0, "covered_branches": 0, "missing_branches": 0}, "missing_lines": [], "excluded_lines": [], "executed_branches": [], "missing_branches": []}, "FormatterFactory.register": {"executed_lines": [291], "summary": {"covered_lines": 1, "num_statements": 1, "percent_covered": 100.0, "percent_covered_display": "100.00", "missing_lines": 0, "excluded_lines": 0, "num_branches": 0, "num_partial_branches": 0, "covered_branches": 0, "missing_branches": 0}, "missing_lines": [], "excluded_lines": [], "executed_branches": [], "missing_branches": []}, "FormatterFactory.create": {"executed_lines": [307, 308, 309, 313, 314, 315, 316, 317, 318], "summary": {"covered_lines": 9, "num_statements": 9, "percent_covered": 100.0, "percent_covered_display": "100.00", "missing_lines": 0, "excluded_lines": 0, "num_branches": 2, "num_partial_branches": 0, "covered_branches": 2, "missing_branches": 0}, "missing_lines": [], "excluded_lines": [], "executed_branches": [[307, 308], [307, 313]], "missing_branches": []}, "FormatterFactory.list_formatters": {"executed_lines": [329], "summary": {"covered_lines": 1, "num_statements": 1, "percent_covered": 100.0, "percent_covered_display": "100.00", "missing_lines": 0, "excluded_lines": 0, "num_branches": 0, "num_partial_branches": 0, "covered_branches": 0, "missing_branches": 0}, "missing_lines": [], "excluded_lines": [], "executed_branches": [], "missing_branches": []}, "FormatterFactory.is_registered": {"executed_lines": [341], "summary": {"covered_lines": 1, "num_statements": 1, "percent_covered": 100.0, "percent_covered_display": "100.00", "missing_lines": 0, "excluded_lines": 0, "num_branches": 0, "num_partial_branches": 0, "covered_branches": 0, "missing_branches": 0}, "missing_lines": [], "excluded_lines": [], "executed_branches": [], "missing_branches": []}, "": {"executed_lines": [1, 8, 9, 11, 14, 15, 21, 22, 33, 34, 45, 46, 57, 58, 69, 70, 81, 82, 93, 111, 130, 131, 137, 145, 172, 190, 202, 211, 221, 222, 224, 237, 238, 240, 263, 278, 279, 281, 283, 284, 293, 294, 322, 323, 331, 332], "summary": {"covered_lines": 28, "num_statements": 28, "percent_covered": 100.0, "percent_covered_display": "100.00", "missing_lines": 0, "excluded_lines": 12, "num_branches": 0, "num_partial_branches": 0, "covered_branches": 0, "missing_branches": 0}, "missing_lines": [], "excluded_lines": [21, 22, 33, 34, 45, 46, 57, 58, 69, 70, 81, 82], "executed_branches": [], "missing_branches": []}}, "classes": {"IFormatter": {"executed_lines": [], "summary": {"covered_lines": 0, "num_statements": 6, "percent_covered": 0.0, "percent_covered_display": "0.00", "missing_lines": 6, "excluded_lines": 54, "num_branches": 4, "num_partial_branches": 0, "covered_branches": 0, "missing_branches": 4}, "missing_lines": [105, 106, 109, 123, 124, 127], "excluded_lines": [23, 24, 25, 26, 27, 28, 29, 30, 31, 35, 36, 37, 38, 39, 40, 41, 42, 43, 47, 48, 49, 50, 51, 52, 53, 54, 55, 59, 60, 61, 62, 63, 64, 65, 66, 67, 71, 72, 73, 74, 75, 76, 77, 78, 79, 83, 84, 85, 86, 87, 88, 89, 90, 91], "executed_branches": [], "missing_branches": [[105, 106], [105, 109], [123, 124], [123, 127]]}, "BaseFormatter": {"executed_lines": [143, 154, 155, 156, 157, 158, 159, 160, 161, 164, 165, 167, 168, 169, 170, 184, 185, 186, 188, 200, 206, 207, 208, 209, 215, 216, 217, 218], "summary": {"covered_lines": 28, "num_statements": 29, "percent_covered": 95.55555555555556, "percent_covered_display": "95.56", "missing_lines": 1, "excluded_lines": 0, "num_branches": 16, "num_partial_branches": 1, "covered_branches": 15, "missing_branches": 1}, "missing_lines": [187], "excluded_lines": [], "executed_branches": [[154, 155], [154, 156], [156, 157], [156, 158], [158, 159], [158, 160], [160, 161], [160, 164], [184, 185], [184, 186], [186, 188], [207, 208], [207, 209], [216, 217], [216, 218]], "missing_branches": [[186, 187]]}, "FormatterError": {"executed_lines": [233, 234], "summary": {"covered_lines": 2, "num_statements": 2, "percent_covered": 100.0, "percent_covered_display": "100.00", "missing_lines": 0, "excluded_lines": 0, "num_branches": 0, "num_partial_branches": 0, "covered_branches": 0, "missing_branches": 0}, "missing_lines": [], "excluded_lines": [], "executed_branches": [], "missing_branches": []}, "FormatterOptions": {"executed_lines": [257, 258, 259, 260, 261, 269], "summary": {"covered_lines": 6, "num_statements": 6, "percent_covered": 100.0, "percent_covered_display": "100.00", "missing_lines": 0, "excluded_lines": 0, "num_branches": 0, "num_partial_branches": 0, "covered_branches": 0, "missing_branches": 0}, "missing_lines": [], "excluded_lines": [], "executed_branches": [], "missing_branches": []}, "FormatterFactory": {"executed_lines": [291, 307, 308, 309, 313, 314, 315, 316, 317, 318, 329, 341], "summary": {"covered_lines": 12, "num_statements": 12, "percent_covered": 100.0, "percent_covered_display": "100.00", "missing_lines": 0, "excluded_lines": 0, "num_branches": 2, "num_partial_branches": 0, "covered_branches": 2, "missing_branches": 0}, "missing_lines": [], "excluded_lines": [], "executed_branches": [[307, 308], [307, 313]], "missing_branches": []}, "": {"executed_lines": [1, 8, 9, 11, 14, 15, 21, 22, 33, 34, 45, 46, 57, 58, 69, 70, 81, 82, 93, 111, 130, 131, 137, 145, 172, 190, 202, 211, 221, 222, 224, 237, 238, 240, 263, 278, 279, 281, 283, 284, 293, 294, 322, 323, 331, 332], "summary": {"covered_lines": 28, "num_statements": 28, "percent_covered": 100.0, "percent_covered_display": "100.00", "missing_lines": 0, "excluded_lines": 12, "num_branches": 0, "num_partial_branches": 0, "covered_branches": 0, "missing_branches": 0}, "missing_lines": [], "exclude
[...]
 35, 37, 45, 106, 169, 209], "summary": {"covered_lines": 16, "num_statements": 16, "percent_covered": 100.0, "percent_covered_display": "100.00", "missing_lines": 0, "excluded_lines": 0, "num_branches": 0, "num_partial_branches": 0, "covered_branches": 0, "missing_branches": 0}, "missing_lines": [], "excluded_lines": [], "executed_branches": [], "missing_branches": []}}}, "src/toady/schema_validator.py": {"executed_lines": [1, 8, 9, 10, 11, 12, 13, 14, 16, 17, 19, 22, 23, 25, 38, 39, 40, 43, 44, 48, 65, 76, 77, 78, 79, 80, 82, 84, 85, 87, 89, 91, 93, 94, 95, 97, 98, 99, 101, 102, 106, 108, 109, 111, 112, 115, 116, 117, 118, 119, 120, 121, 123, 125, 126, 129, 130, 133, 139, 140, 142, 155, 156, 157, 158, 159, 160, 161, 163, 165, 167, 172, 174, 175, 177, 178, 179, 180, 181, 183, 184, 188, 190, 192, 193, 195, 197, 200, 201, 202, 203, 205, 214, 215, 217, 219, 228, 229, 231, 234, 235, 241, 244, 245, 246, 247, 248, 254, 257, 258, 259, 269, 273, 275, 290, 294, 295, 296, 298, 300, 302, 305, 306, 307, 308, 314, 316, 318, 320, 321, 332, 335, 336, 337, 338, 348, 353, 355, 356, 357, 358, 359, 366, 381, 384, 385, 386, 387, 397, 398, 402, 403, 412, 421, 422, 425, 426, 428, 430, 439, 441, 450, 451, 453, 458, 459, 461, 463, 469, 470, 473, 474, 476, 486, 487, 488, 490, 493, 499, 501, 507, 514, 517, 518, 522, 523, 527, 528, 529, 531, 532, 533, 535, 537, 543, 545, 548, 551, 552, 553, 554, 556, 558, 564, 574, 575, 576, 577, 578, 579, 580, 581, 583, 584, 588], "summary": {"covered_lines": 212, "num_statements": 224, "percent_covered": 91.17647058823529, "percent_covered_display": "91.18", "missing_lines": 12, "excluded_lines": 0, "num_branches": 82, "num_partial_branches": 15, "covered_branches": 67, "missing_branches": 15}, "missing_lines": [103, 104, 113, 186, 189, 191, 198, 260, 266, 291, 519, 524], "excluded_lines": [], "executed_branches": [[94, 95], [94, 97], [108, 109], [108, 111], [112, 115], [155, 156], [155, 163], [157, 158], [157, 163], [174, 175], [174, 177], [178, 179], [197, 200], [201, -195], [201, 202], [202, 203], [214, 215], [214, 217], [228, 229], [228, 231], [234, 235], [234, 244], [259, 269], [290, 294], [295, 296], [295, 298], [300, -275], [300, 302], [302, 305], [302, 316], [307, 308], [318, 320], [318, 335], [335, 336], [335, 348], [353, 300], [353, 355], [356, 357], [358, 300], [358, 359], [384, 385], [384, 397], [385, 384], [385, 386], [397, -366], [397, 398], [398, 397], [398, 402], [421, 422], [421, 425], [425, 426], [425, 428], [450, 451], [469, 470], [469, 473], [487, 488], [487, 490], [518, 522], [523, 527], [528, 529], [532, 533], [553, 554], [553, 556], [577, 578], [579, 580], [583, 584], [583, 588]], "missing_branches": [[112, 113], [178, 186], [197, 198], [202, 201], [259, 260], [290, 291], [307, 314], [356, 300], [450, 453], [518, 519], [523, 524], [528, 531], [532, 535], [577, 579], [579, 583]], "functions": {"SchemaValidationError.__init__": {"executed_lines": [38, 39, 40], "summary": {"covered_lines": 3, "num_statements": 3, "percent_covered": 100.0, "percent_covered_display": "100.00", "missing_lines": 0, "excluded_lines": 0, "num_branches": 0, "num_partial_branches": 0, "covered_branches": 0, "missing_branches": 0}, "missing_lines": [], "excluded_lines": [], "executed_branches": [], "missing_branches": []}, "GitHubSchemaValidator.__init__": {"executed_lines": [76, 77, 78, 79, 80], "summary": {"covered_lines": 5, "num_statements": 5, "percent_covered": 100.0, "percent_covered_display": "100.00", "missing_lines": 0, "excluded_lines": 0, "num_branches": 0, "num_partial_branches": 0, "covered_branches": 0, "missing_branches": 0}, "missing_lines": [], "excluded_lines": [], "executed_branches": [], "missing_branches": []}, "GitHubSchemaValidator._get_cache_path": {"executed_lines": [84, 85], "summary": {"covered_lines": 2, "num_statements": 2, "percent_covered": 100.0, "percent_covered_display": "100.00", "missing_lines": 0, "excluded_lines": 0, "num_branches": 0, "num_partial_branches": 0, "covered_branches": 0, "missing_branches": 0}, "missing_lines": [], "excluded_lines": [], "executed_branches": [], "missing_branches": []}, "GitHubSchemaValidator._get_cache_metadata_path": {"executed_lines": [89], "summary": {"covered_lines": 1, "num_statements": 1, "percent_covered": 100.0, "percent_covered_display": "100.00", "missing_lines": 0, "excluded_lines": 0, "num_branches": 0, "num_partial_branches": 0, "covered_branches": 0, "missing_branches": 0}, "missing_lines": [], "excluded_lines": [], "executed_branches": [], "missing_branches": []}, "GitHubSchemaValidator._is_cache_valid": {"executed_lines": [93, 94, 95, 97, 98, 99, 101, 102], "summary": {"covered_lines": 8, "num_statements": 10, "percent_covered": 83.33333333333333, "percent_covered_display": "83.33", "missing_lines": 2, "excluded_lines": 0, "num_branches": 2, "num_partial_branches": 0, "covered_branches": 2, "missing_branches": 0}, "missing_lines": [103, 104], "excluded_lines": [], "executed_branches": [[94, 95], [94, 97]], "missing_branches": []}, "GitHubSchemaValidator._load_cached_schema": {"executed_lines": [108, 109, 111, 112, 115, 116, 117, 118, 119, 120, 121], "summary": {"covered_lines": 11, "num_statements": 12, "percent_covered": 87.5, "percent_covered_display": "87.50", "missing_lines": 1, "excluded_lines": 0, "num_branches": 4, "num_partial_branches": 1, "covered_branches": 3, "missing_branches": 1}, "missing_lines": [113], "excluded_lines": [], "executed_branches": [[108, 109], [108, 111], [112, 115]], "missing_branches": [[112, 113]]}, "GitHubSchemaValidator._save_schema_to_cache": {"executed_lines": [125, 126, 129, 130, 133, 139, 140], "summary": {"covered_lines": 7, "num_statements": 7, "percent_covered": 100.0, "percent_covered_display": "100.00", "missing_lines": 0, "excluded_lines": 0, "num_branches": 0, "num_partial_branches": 0, "covered_branches": 0, "missing_branches": 0}, "missing_lines": [], "excluded_lines": [], "executed_branches": [], "missing_branches": []}, "GitHubSchemaValidator.fetch_schema": {"executed_lines": [155, 156, 157, 158, 159, 160, 161, 163, 165, 167, 172, 174, 175, 177, 178, 179, 180, 181, 183, 184, 188, 190, 192, 193], "summary": {"covered_lines": 24, "num_statements": 27, "percent_covered": 88.57142857142857, "percent_covered_display": "88.57", "missing_lines": 3, "excluded_lines": 0, "num_branches": 8, "num_partial_branches": 1, "covered_branches": 7, "missing_branches": 1}, "missing_lines": [186, 189, 191], "excluded_lines": [], "executed_branches": [[155, 156], [155, 163], [157, 158], [157, 163], [174, 175], [174, 177], [178, 179]], "missing_branches": [[178, 186]]}, "GitHubSchemaValidator._build_type_map": {"executed_lines": [197, 200, 201, 202, 203], "summary": {"covered_lines": 5, "num_statements": 6, "percent_covered": 75.0, "percent_covered_display": "75.00", "missing_lines": 1, "excluded_lines": 0, "num_branches": 6, "num_partial_branches": 2, "covered_branches": 4, "missing_branches": 2}, "missing_lines": [198], "excluded_lines": [], "executed_branches": [[197, 200], [201, -195], [201, 202], [202, 203]], "missing_branches": [[197, 198], [202, 201]]}, "GitHubSchemaValidator.get_type": {"executed_lines": [214, 215, 217], "summary": {"covered_lines": 3, "num_statements": 3, "percent_covered": 100.0, "percent_covered_display": "100.00", "missing_lines": 0, "excluded_lines": 0, "num_branches": 2, "num_partial_branches": 0, "covered_branches": 2, "missing_branches": 0}, "missing_lines": [], "excluded_lines": [], "executed_branches": [[214, 215], [214, 217]], "missing_branches": []}, "GitHubSchemaValidator.validate_query": {"executed_lines": [228, 229, 231, 234, 235, 241, 244, 245, 246, 247, 248, 254, 257, 258, 259, 269, 273], "summary": {"covered_lines": 17, "num_statements": 19, "percent_covered": 88.0, "percent_covered_display": "88.00", "missing_lines": 2, "excluded_lines": 0, "num_branches": 6, "num_partial_branches": 1, "covered_branches": 5, "missing_branches": 1}, "missing_lines": [260, 266], "excluded_lines": [], "executed_branches": [[228, 229], [228, 231], [234, 235], [234, 244], [259, 269]], "missing_branches": [[259, 260]]}, "GitHubSchemaValidator._validate_selections": {"executed_lines": [290, 294, 295, 296, 298, 300, 302, 305, 306, 307, 308, 314, 316, 318, 320, 321, 332, 335, 336, 337, 338, 348, 353, 355, 356, 357, 358, 359], "summary": {"covered_lines": 28, "num_statements": 29, "percent_covered": 91.83673469387755, "percent_covered_display": "91.84", "missing_lines": 1, "excluded_lines": 0, "num_branches": 20, "num_partial_branches": 3, "covered_branches": 17, "missing_branches": 3}, "missing_lines": [291], "excluded_lines": [], "executed_branches": [[290, 294], [295, 296], [295, 298], [300, -275], [300, 302], [302, 305], [302, 316], [307, 308], [318, 320], [318, 335], [335, 336], [335, 348], [353, 300], [353, 355], [356, 357], [358, 300], [358, 359]], "missing_branches": [[290, 291], [307, 314], [356, 300]]}, "GitHubSchemaValidator._validate_arguments": {"executed_lines": [381, 384, 385, 386, 387, 397, 398, 402, 403], "summary": {"covered_lines": 9, "num_statements": 9, "percent_covered": 100.0, "percent_covered_display": "100.00", "missing_lines": 0, "excluded_lines": 0, "num_branches": 8, "num_partial_branches": 0, "covered_branches": 8, "missing_branches": 0}, "missing_lines": [], "excluded_lines": [], "executed_branches": [[384, 385], [384, 397], [385, 384], [385, 386], [397, -366], [397, 398], [398, 397], [398, 402]], "missing_branches": []}, "GitHubSchemaValidator._resolve_field_type": {"executed_lines": [421, 422, 425, 426, 428], "summary": {"covered_lines": 5, "num_statements": 5, "percent_covered": 100.0, "percent_covered_display": "100.00", "missing_lines": 0, "excluded_lines": 0, "num_branches": 4, "num_partial_branches": 0, "covered_branches": 4, "missing_branches": 0}, "missing_lines": [], "excluded_lines": [], "executed_branches": [[421, 422], [421, 425], [425, 426], [425, 428]], "missing_branches": []}, "GitHubSchemaValidator._is_required_type": {"executed_lines": [439], "summary": {"covered_lines": 1, "num_statements": 1, "percent_covered": 100.0, "percent_covered_display": "100.00", "missing_lines": 0, "excluded_lines": 0, "num_branches": 0, "num_partial_branches": 0, "covered_branches": 0, "missing_branches": 0}, "missing_lines": [], "excluded_lines": [], "executed_branches": [], "missing_branches": []}, "GitHubSchemaValidator.check_deprecations": {"executed_lines": [450, 451, 453, 458, 459, 461], "summary": {"covered_lines": 6, "num_statements": 6, "percent_covered": 87.5, "percent_covered_display": "87.50", "missing_lines": 0, "excluded_lines": 0, "num_branches": 2, "num_partial_branches": 1, "covered_branches": 1, "missing_branches": 1}, "missing_lines": [], "excluded_lines": [], "executed_branches": [[450, 451]], "missing_branches": [[450, 453]]}, "GitHubSchemaValidator.get_schema_version": {"executed_lines": [469, 470, 473, 474], "summary": {"covered_lines": 4, "num_statements": 4, "percent_covered": 100.0, "percent_covered_display": "100.00", "missing_lines": 0, "excluded_lines": 0, "num_branches": 2, "num_partial_branches": 0, "covered_branches": 2, "missing_branches": 0}, "missing_lines": [], "excluded_lines": [], "executed_branches": [[469, 470], [469, 473]], "missing_branches": []}, "GitHubSchemaValidator.get_field_suggestions": {"executed_lines": [486, 487, 488, 490, 493, 499], "summary": {"covered_lines": 6, "num_statements": 6, "percent_covered": 100.0, "percent_covered_display": "100.00", "missing_lines": 0, "excluded_lines": 0, "num_branches": 2, "num_partial_branches": 0, "covered_branches": 2, "missing_branches": 0}, "missing_lines": [], "excluded_lines": [], "executed_branches": [[487, 488], [487, 490]], "missing_branches": []}, "GitHubSchemaValidator.validate_mutations": {"executed_lines": [507, 514, 517, 518, 522, 523, 527, 528, 529, 531, 532, 533, 535], "summary": {"covered_lines": 13, "num_statements": 15, "percent_covered": 73.91304347826087, "percent_covered_display": "73.91", "missing_lines": 2, "excluded_lines": 0, "num_branches": 8, "num_partial_branches": 4, "covered_branches": 4, "missing_branches": 4}, "missing_lines": [519, 524], "excluded_lines": [], "executed_branches": [[518, 522], [523, 527], [528, 529], [532, 533]], "missing_branches": [[518, 519], [523, 524], [528, 531], [532, 535]]}, "GitHubSchemaValidator.validate_queries": {"executed_lines": [543, 545, 548, 551, 552, 553, 554, 556], "summary": {"covered_lines": 8, "num_statements": 8, "percent_covered": 100.0, "percent_covered_display": "100.00", "missing_lines": 0, "excluded_lines": 0, "num_branches": 2, "num_partial_branches": 0, "covered_branches": 2, "missing_branches": 0}, "missing_lines": [], "excluded_lines": [], "executed_branches": [[553, 554], [553, 556]], "missing_branches": []}, "GitHubSchemaValidator.generate_compatibility_report": {"executed_lines": [564, 574, 575, 576, 577, 578, 579, 580, 581, 583, 584, 588], "summary": {"covered_lines": 12, "num_statements": 12, "percent_covered": 88.88888888888889, "percent_covered_display": "88.89", "missing_lines": 0, "excluded_lines": 0, "num_branches": 6, "num_partial_branches": 2, "covered_branches": 4, "missing_branches": 2}, "missing_lines": [], "excluded_lines": [], "executed_branches": [[577, 578], [579, 580], [583, 584], [583, 588]], "missing_branches": [[577, 579], [579, 583]]}, "": {"executed_lines": [1, 8, 9, 10, 11, 12, 13, 14, 16, 17, 19, 22, 23, 25, 43, 44, 48, 65, 82, 87, 91, 106, 123, 142, 195, 205, 219, 275, 366, 412, 430, 441, 463, 476, 501, 537, 558], "summary": {"covered_lines": 34, "num_statements": 34, "percent_covered": 100.0, "percent_covered_display": "100.00", "missing_lines": 0, "excluded_lines": 0, "num_branches": 0, "num_partial_branches": 0, "covered_branches": 0, "missing_branches": 0}, "missing_lines": [], "excluded_lines": [], "executed_branches": [], "missing_branches": []}}, "classes": {"SchemaValidationError": {"executed_lines": [38, 39, 40], "summary": {"covered_lines": 3, "num_statements": 3, "percent_covered": 100.0, "percent_covered_display": "100.00", "missing_lines": 0, "excluded_lines": 0, "num_branches": 0, "num_partial_branches": 0, "covered_branches": 0, "missing_branches": 0}, "missing_lines": [], "excluded_lines": [], "executed_branches": [], "missing_branches": []}, "GitHubSchemaValidator": {"executed_lines": [76, 77, 78, 79, 80, 84, 85, 89, 93, 94, 95, 97, 98, 99, 101, 102, 108, 109, 111, 112, 115, 116, 117, 118, 119, 120, 121, 125, 126, 129, 130, 133, 139, 140, 155, 156, 157, 158, 159, 160, 161, 163, 165, 167, 172, 174, 175, 177, 178, 179, 180, 181, 183, 184, 188, 190, 192, 193, 197, 200, 201, 202, 203, 214, 215, 217, 228, 229, 231, 234, 235, 241, 244, 245, 246, 247, 248, 254, 257, 258, 259, 269, 273, 290, 294, 295, 296, 298, 300, 302, 305, 306, 307, 308, 314, 316, 318, 320, 321, 332, 335, 336, 337, 338, 348, 353, 355, 356, 357, 358, 359, 381, 384, 385, 386, 387, 397, 398, 402, 403, 421, 422, 425, 426, 428, 439, 450, 451, 453, 458, 459, 461, 469, 470, 473, 474, 486, 487, 488, 490, 493, 499, 507, 514, 517, 518, 522, 523, 527, 528, 529, 531, 532, 533, 535, 543, 545, 548, 551, 552, 553, 554, 556, 564, 574, 575, 576, 577, 578, 579, 580, 581, 583, 584, 588], "summary": {"covered_lines": 175, "num_statements": 187, "percent_covered": 89.96282527881041, "percent_covered_display": "89.96", "missing_lines": 12, "excluded_lines": 0, "num_branches": 82, "num_partial_branches": 15, "covered_branches": 67, "missing_branches": 15}, "missing_lines": [103, 104, 113, 186, 189, 191, 198, 260, 266, 291, 519, 524], "excluded_lines": [], "executed_branches": [[94, 95], [94, 97], [108, 109], [108, 111], [112, 115], [155, 156], [155, 163], [157, 158], [157, 163], [174, 175], [174, 177], [178, 179], [197, 200], [201, -195], [201, 202], [202, 203], [214, 215], [214, 217], [228, 229], [228, 231], [234, 235], [234, 244], [259, 269], [290, 294], [295, 296], [295, 298], [300, -275], [300, 302], [302, 305], [302, 316], [307, 308], [318, 320], [318, 335], [335, 336], [335, 348], [353, 300], [353, 355], [356, 357], [358, 300], [358, 359], [384, 385], [384, 397], [385, 384], [385, 386], [397, -366], [397, 398], [398, 397], [398, 402], [421, 422], [421, 425], [425, 426], [425, 428], [450, 451], [469, 470], [469, 473], [487, 488], [487, 490], [518, 522], [523, 527], [528, 529], [532, 533], [553, 554], [553, 556], [577, 578], [579, 580], [583, 584], [583, 588]], "missing_branches": [[112, 113], [178, 186], [197, 198], [202, 201], [259, 260], [290, 291], [307, 314], [356, 300], [450, 453], [518, 519], [523, 524], [528, 531], [532, 535], [577, 579], [579, 583]]}, "": {"executed_lines": [1, 8, 9, 10, 11, 12, 13, 14, 16, 17, 19, 22, 23, 25, 43, 44, 48, 65, 82, 87, 91, 106, 123, 142, 195, 205, 219, 275, 366, 412, 430, 441, 463, 476, 501, 537, 558], "summary": {"covered_lines": 34, "num_statements": 34, "percent_covered": 100.0, "percent_covered_display": "100.00", "missing_lines": 0, "excluded_lines": 0, "num_branches": 0, "num_partial_branches": 0, "covered_branches": 0, "missing_branches": 0}, "missing_lines": [], "excluded_lines": [], "executed_branches": [], "missing_branches": []}}}, "src/toady/utils.py": {"executed_lines": [1, 3, 4, 6, 9, 12, 25, 26, 27, 29, 30, 32, 33, 34, 37, 41, 42, 43, 44, 46, 49, 61, 64, 70, 71], "summary": {"covered_lines": 24, "num_statements": 25, "percent_covered": 91.89189189189189, "percent_covered_display": "91.89", "missing_lines": 1, "excluded_lines": 0, "num_branches": 12, "num_partial_branches": 2, "covered_branches": 10, "missing_branches": 2}, "missing_lines": [62], "excluded_lines": [], "executed_branches": [[25, 26], [25, 27], [27, 29], [27, 30], [30, 32], [30, 37], [33, 34], [37, 41], [37, 46], [61, 64]], "missing_branches": [[33, 37], [61, 62]], "functions": {"parse_datetime": {"executed_lines": [25, 26, 27, 29, 30, 32, 33, 34, 37, 41, 42, 43, 44, 46], "summary": {"covered_lines": 14, "num_statements": 14, "percent_covered": 95.83333333333333, "percent_covered_display": "95.83", "missing_lines": 0, "excluded_lines": 0, "num_branches": 10, "num_partial_branches": 1, "covered_branches": 9, "missing_branches": 1}, "missing_lines": [], "excluded_lines": [], "executed_branches": [[25, 26], [25, 27], [27, 29], [27, 30], [30, 32], [30, 37], [33, 34], [37, 41], [37, 46]], "missing_branches": [[33, 37]]}, "emit_error": {"executed_lines": [61, 64, 70, 71], "summary": {"covered_lines": 4, "num_statements": 5, "percent_covered": 71.42857142857143, "percent_covered_display": "71.43", "missing_lines": 1, "excluded_lines": 0, "num_branches": 2, "num_partial_branches": 1, "covered_branches": 1, "missing_branches": 1}, "missing_lines": [62], "excluded_lines": [], "executed_branches": [[61, 64]], "missing_branches": [[61, 62]]}, "": {"executed_lines": [1, 3, 4, 6, 9, 12, 49], "summary": {"covered_lines": 6, "num_statements": 6, "percent_covered": 100.0, "percent_covered_display": "100.00", "missing_lines": 0, "excluded_lines": 0, "num_branches": 0, "num_partial_branches": 0, "covered_branches": 0, "missing_branches": 0}, "missing_lines": [], "excluded_lines": [], "executed_branches": [], "missing_branches": []}}, "classes": {"": {"executed_lines": [1, 3, 4, 6, 9, 12, 25, 26, 27, 29, 30, 32, 33, 34, 37, 41, 42, 43, 44, 46, 49, 61, 64, 70, 71], "summary": {"covered_lines": 24, "num_statements": 25, "percent_covered": 91.89189189189189, "percent_covered_display": "91.89", "missing_lines": 1, "excluded_lines": 0, "num_branches": 12, "num_partial_branches": 2, "covered_branches": 10, "missing_branches": 2}, "missing_lines": [62], "excluded_lines": [], "executed_branches": [[25, 26], [25, 27], [27, 29], [27, 30], [30, 32], [30, 37], [33, 34], [37, 41], [37, 46], [61, 64]], "missing_branches": [[33, 37], [61, 62]]}}}}, "totals": {"covered_lines": 1977, "num_statements": 2366, "percent_covered": 80.32479700187383, "percent_covered_display": "80.32", "missing_lines": 389, "excluded_lines": 68, "num_branches": 836, "num_partial_branches": 77, "covered_branches": 595, "missing_branches": 241}}